[ 2016-05-07T23:46:52+08:00 ] 127.0.0.1 /exam/admin.php/Login/inde
INFO: [ app_init ] --START--
INFO: Run Behavior\BuildLiteBehavior [ RunTime:0.000008s ]
INFO: [ app_init ] --END-- [ RunTime:0.000298s ]
ERR: 无法加载模块:Login

[ 2016-05-07T23:46:55+08:00 ] 127.0.0.1 /exam/admin.php/Login/index
INFO: [ app_init ] --START--
INFO: Run Behavior\BuildLiteBehavior [ RunTime:0.000007s ]
INFO: [ app_init ] --END-- [ RunTime:0.000181s ]
ERR: 无法加载模块:Login

[ 2016-05-07T23:47:05+08:00 ] 127.0.0.1 /exam/admin.php/Home/Login/img/tick.png
INFO: [ app_init ] --START--
INFO: Run Behavior\BuildLiteBehavior [ RunTime:0.000010s ]
INFO: [ app_init ] --END-- [ RunTime:0.000197s ]

[ 2016-05-07T23:47:38+08:00 ] 127.0.0.1 /exam/admin.php/Home/Login/img/tick.png
INFO: [ app_init ] --START--
INFO: Run Behavior\BuildLiteBehavior [ RunTime:0.000017s ]
INFO: [ app_init ] --END-- [ RunTime:0.000578s ]

[ 2016-05-07T23:48:10+08:00 ] 127.0.0.1 /exam/admin.php/Home/Login/img/tick.png
INFO: [ app_init ] --START--
INFO: Run Behavior\BuildLiteBehavior [ RunTime:0.000026s ]
INFO: [ app_init ] --END-- [ RunTime:0.001071s ]

[ 2016-05-07T23:49:00+08:00 ] 127.0.0.1 /exam/admin.php/Home/Login/img/tick.png
INFO: [ app_init ] --START--
INFO: Run Behavior\BuildLiteBehavior [ RunTime:0.000018s ]
INFO: [ app_init ] --END-- [ RunTime:0.000391s ]

[ 2016-05-07T23:51:18+08:00 ] 127.0.0.1 /exam/admin.php/Home/Login/img/tick.png
INFO: [ app_init ] --START--
INFO: Run Behavior\BuildLiteBehavior [ RunTime:0.000016s ]
INFO: [ app_init ] --END-- [ RunTime:0.000351s ]

[ 2016-05-07T23:53:32+08:00 ] 127.0.0.1 /exam/admin.php/Home/Public/images/tick.png
INFO: [ app_init ] --START--
INFO: Run Behavior\BuildLiteBehavior [ RunTime:0.000011s ]
INFO: [ app_init ] --END-- [ RunTime:0.000386s ]

[ 2016-05-07T23:53:45+08:00 ] 127.0.0.1 /exam/admin.php/Admin/Home/Public/images/tick.png
INFO: [ app_init ] --START--
INFO: Run Behavior\BuildLiteBehavior [ RunTime:0.000008s ]
INFO: [ app_init ] --END-- [ RunTime:0.000169s ]
ERR: 无法加载模块:Admin

