[ 2016-05-08T00:01:01+08:00 ] 127.0.0.1 /exam/admin.php/Home/Login/images/tick.png
INFO: [ app_init ] --START--
INFO: Run Behavior\BuildLiteBehavior [ RunTime:0.000013s ]
INFO: [ app_init ] --END-- [ RunTime:0.000293s ]

[ 2016-05-08T00:02:21+08:00 ] 127.0.0.1 /exam/admin.php/Home/images/tick.png
INFO: [ app_init ] --START--
INFO: Run Behavior\BuildLiteBehavior [ RunTime:0.000019s ]
INFO: [ app_init ] --END-- [ RunTime:0.000397s ]

[ 2016-05-08T00:03:17+08:00 ] 127.0.0.1 /exam/admin.php/Home/Public/images/tick.png
INFO: [ app_init ] --START--
INFO: Run Behavior\BuildLiteBehavior [ RunTime:0.000018s ]
INFO: [ app_init ] --END-- [ RunTime:0.000431s ]

[ 2016-05-08T00:04:02+08:00 ] 127.0.0.1 /exam/admin.php/Home/Public/images/tick.png
INFO: [ app_init ] --START--
INFO: Run Behavior\BuildLiteBehavior [ RunTime:0.000018s ]
INFO: [ app_init ] --END-- [ RunTime:0.000544s ]

[ 2016-05-08T00:21:21+08:00 ] 127.0.0.1 /exam/admin.php/Login/index
INFO: [ app_init ] --START--
INFO: Run Behavior\BuildLiteBehavior [ RunTime:0.000008s ]
INFO: [ app_init ] --END-- [ RunTime:0.000193s ]
ERR: 无法加载模块:Login

[ 2016-05-08T00:21:35+08:00 ] 127.0.0.1 /exam/admin.php/Admin/Login/index
INFO: [ app_init ] --START--
INFO: Run Behavior\BuildLiteBehavior [ RunTime:0.000013s ]
INFO: [ app_init ] --END-- [ RunTime:0.000502s ]
ERR: 无法加载模块:Admin

[ 2016-05-08T00:25:13+08:00 ] 127.0.0.1 /exam/admin.php/Login/index
INFO: [ app_init ] --START--
INFO: Run Behavior\BuildLiteBehavior [ RunTime:0.000011s ]
INFO: [ app_init ] --END-- [ RunTime:0.000523s ]
ERR: 无法加载模块:Login

[ 2016-05-08T00:51:15+08:00 ] 127.0.0.1 /exam/admin.php/Login/images/tick.png
INFO: [ app_init ] --START--
INFO: Run Behavior\BuildLiteBehavior [ RunTime:0.000019s ]
INFO: [ app_init ] --END-- [ RunTime:0.000454s ]

[ 2016-05-08T00:52:06+08:00 ] 127.0.0.1 /exam/admin.php/images/tick.png
INFO: [ app_init ] --START--
INFO: Run Behavior\BuildLiteBehavior [ RunTime:0.000021s ]
INFO: [ app_init ] --END-- [ RunTime:0.000503s ]

[ 2016-05-08T00:52:27+08:00 ] 127.0.0.1 /exam/admin.php/Public/images/tick.png
INFO: [ app_init ] --START--
INFO: Run Behavior\BuildLiteBehavior [ RunTime:0.000017s ]
INFO: [ app_init ] --END-- [ RunTime:0.000415s ]

