[ 2016-05-21T13:32:14+08:00 ] 127.0.0.1 /exam/admin.php/Index/copy.html
INFO: [ app_init ] --START--
INFO: Run Behavior\BuildLiteBehavior [ RunTime:0.000012s ]
INFO: [ app_init ] --END-- [ RunTime:0.000481s ]
INFO: [ app_begin ] --START--
INFO: Run Behavior\ReadHtmlCacheBehavior [ RunTime:0.000496s ]
INFO: [ app_begin ] --END-- [ RunTime:0.000538s ]
NOTIC: [8192] mysql_connect(): The mysql extension is deprecated and will be removed in the future: use mysqli or PDO instead /Users/gongrui/Documents/www/exam/ThinkPHP/Library/Think/Db/Driver/Mysql.class.php 第 52 行.
SQL: SHOW COLUMNS FROM `hd_user` [ RunTime:0.002692s ]
SQL: SELECT COUNT(*) AS tp_count FROM `hd_user` LIMIT 1   [ RunTime:0.003446s ]
SQL: SELECT COUNT(*) AS tp_count FROM `hd_user` WHERE `lock` = 1 LIMIT 1   [ RunTime:0.000904s ]
SQL: SHOW COLUMNS FROM `hd_paperinfo` [ RunTime:0.005034s ]
SQL: SELECT COUNT(*) AS tp_count FROM `hd_paperinfo` LIMIT 1   [ RunTime:0.000260s ]
SQL: SHOW COLUMNS FROM `hd_score` [ RunTime:0.001006s ]
SQL: SELECT DISTINCT  `username` FROM `hd_score`  [ RunTime:0.002673s ]
SQL: SHOW COLUMNS FROM `hd_notice` [ RunTime:0.001289s ]
SQL: SELECT COUNT(*) AS tp_count FROM `hd_notice` LIMIT 1   [ RunTime:0.000763s ]
INFO: [ view_parse ] --START--
INFO: [ template_filter ] --START--
INFO: Run Behavior\ContentReplaceBehavior [ RunTime:0.000028s ]
INFO: [ template_filter ] --END-- [ RunTime:0.000070s ]
INFO: Run Behavior\ParseTemplateBehavior [ RunTime:0.029121s ]
INFO: [ view_parse ] --END-- [ RunTime:0.029162s ]
INFO: [ view_filter ] --START--
INFO: Run Behavior\WriteHtmlCacheBehavior [ RunTime:0.000278s ]
INFO: [ view_filter ] --END-- [ RunTime:0.000309s ]
INFO: [ app_end ] --START--
INFO: Run Behavior\ShowPageTraceBehavior [ RunTime:0.000497s ]
INFO: [ app_end ] --END-- [ RunTime:0.000529s ]

[ 2016-05-21T14:17:06+08:00 ] 127.0.0.1 /exam/admin.php/User/admin.html
INFO: [ app_init ] --START--
INFO: Run Behavior\BuildLiteBehavior [ RunTime:0.000015s ]
INFO: [ app_init ] --END-- [ RunTime:0.000933s ]
INFO: [ app_begin ] --START--
INFO: Run Behavior\ReadHtmlCacheBehavior [ RunTime:0.006949s ]
INFO: [ app_begin ] --END-- [ RunTime:0.007070s ]
NOTIC: [8192] mysql_connect(): The mysql extension is deprecated and will be removed in the future: use mysqli or PDO instead /Users/gongrui/Documents/www/exam/ThinkPHP/Library/Think/Db/Driver/Mysql.class.php 第 52 行.
SQL: SHOW COLUMNS FROM `hd_admin` [ RunTime:0.004783s ]
SQL: SELECT * FROM `hd_admin`  [ RunTime:0.000455s ]
INFO: [ view_parse ] --START--
INFO: [ template_filter ] --START--
INFO: Run Behavior\ContentReplaceBehavior [ RunTime:0.000032s ]
INFO: [ template_filter ] --END-- [ RunTime:0.000078s ]
INFO: Run Behavior\ParseTemplateBehavior [ RunTime:0.029211s ]
INFO: [ view_parse ] --END-- [ RunTime:0.029299s ]
INFO: [ view_filter ] --START--
INFO: Run Behavior\WriteHtmlCacheBehavior [ RunTime:0.000338s ]
INFO: [ view_filter ] --END-- [ RunTime:0.000382s ]
INFO: [ app_end ] --START--
INFO: Run Behavior\ShowPageTraceBehavior [ RunTime:0.001331s ]
INFO: [ app_end ] --END-- [ RunTime:0.001380s ]

[ 2016-05-21T14:17:12+08:00 ] 127.0.0.1 /exam/admin.php/User/index.html
INFO: [ app_init ] --START--
INFO: Run Behavior\BuildLiteBehavior [ RunTime:0.000007s ]
INFO: [ app_init ] --END-- [ RunTime:0.000168s ]
INFO: [ app_begin ] --START--
INFO: Run Behavior\ReadHtmlCacheBehavior [ RunTime:0.000213s ]
INFO: [ app_begin ] --END-- [ RunTime:0.000240s ]
NOTIC: [8192] mysql_connect(): The mysql extension is deprecated and will be removed in the future: use mysqli or PDO instead /Users/gongrui/Documents/www/exam/ThinkPHP/Library/Think/Db/Driver/Mysql.class.php 第 52 行.
SQL: SHOW COLUMNS FROM `hd_user` [ RunTime:0.002931s ]
SQL: SELECT COUNT(*) AS tp_count FROM `hd_user` LIMIT 1   [ RunTime:0.000232s ]
SQL: SHOW COLUMNS FROM `hd_userinfo` [ RunTime:0.001675s ]
SQL: SELECT user.id AS id,user.`lock` AS `lock`,user.registime AS registime,userinfo.username AS username,userinfo.face180 AS face,userinfo.sex AS sex,userinfo.location AS location,userinfo.intro AS intro FROM hd_user user LEFT JOIN hd_userinfo userinfo ON user.id = userinfo.uid LIMIT 0,6   [ RunTime:0.004246s ]
INFO: [ view_parse ] --START--
INFO: [ template_filter ] --START--
INFO: Run Behavior\ContentReplaceBehavior [ RunTime:0.000024s ]
INFO: [ template_filter ] --END-- [ RunTime:0.000063s ]
INFO: Run Behavior\ParseTemplateBehavior [ RunTime:0.019218s ]
INFO: [ view_parse ] --END-- [ RunTime:0.019299s ]
INFO: [ view_filter ] --START--
INFO: Run Behavior\WriteHtmlCacheBehavior [ RunTime:0.000157s ]
INFO: [ view_filter ] --END-- [ RunTime:0.000217s ]
INFO: [ app_end ] --START--
INFO: Run Behavior\ShowPageTraceBehavior [ RunTime:0.000504s ]
INFO: [ app_end ] --END-- [ RunTime:0.000567s ]

[ 2016-05-21T14:17:23+08:00 ] 127.0.0.1 /exam/admin.php/User/sechUser.html
INFO: [ app_init ] --START--
INFO: Run Behavior\BuildLiteBehavior [ RunTime:0.000008s ]
INFO: [ app_init ] --END-- [ RunTime:0.000183s ]
INFO: [ app_begin ] --START--
INFO: Run Behavior\ReadHtmlCacheBehavior [ RunTime:0.001384s ]
INFO: [ app_begin ] --END-- [ RunTime:0.001470s ]
INFO: [ view_parse ] --START--
INFO: [ template_filter ] --START--
INFO: Run Behavior\ContentReplaceBehavior [ RunTime:0.000024s ]
INFO: [ template_filter ] --END-- [ RunTime:0.000063s ]
NOTIC: [8] Undefined variable: user /Users/gongrui/Documents/www/exam/Index/Runtime/Cache/Admin/c18e10320b1795ceeb9b03a0062e1286.php 第 39 行.
INFO: Run Behavior\ParseTemplateBehavior [ RunTime:0.006957s ]
INFO: [ view_parse ] --END-- [ RunTime:0.006998s ]
INFO: [ view_filter ] --START--
INFO: Run Behavior\WriteHtmlCacheBehavior [ RunTime:0.000121s ]
INFO: [ view_filter ] --END-- [ RunTime:0.000145s ]
INFO: [ app_end ] --START--
INFO: Run Behavior\ShowPageTraceBehavior [ RunTime:0.000282s ]
INFO: [ app_end ] --END-- [ RunTime:0.000308s ]

[ 2016-05-21T14:17:30+08:00 ] 127.0.0.1 /exam/admin.php/User/sechUser.html?type=1&sech=4
INFO: [ app_init ] --START--
INFO: Run Behavior\BuildLiteBehavior [ RunTime:0.000012s ]
INFO: [ app_init ] --END-- [ RunTime:0.000324s ]
INFO: [ app_begin ] --START--
INFO: Run Behavior\ReadHtmlCacheBehavior [ RunTime:0.000339s ]
INFO: [ app_begin ] --END-- [ RunTime:0.000389s ]
NOTIC: [8192] mysql_connect(): The mysql extension is deprecated and will be removed in the future: use mysqli or PDO instead /Users/gongrui/Documents/www/exam/ThinkPHP/Library/Think/Db/Driver/Mysql.class.php 第 52 行.
SQL: SHOW COLUMNS FROM `hd_user` [ RunTime:0.001855s ]
SQL: SHOW COLUMNS FROM `hd_userinfo` [ RunTime:0.001176s ]
SQL: SELECT user.id AS id,user.`lock` AS `lock`,user.registime AS registime,userinfo.username AS username,userinfo.face180 AS face,userinfo.sex AS sex,userinfo.location AS location,userinfo.intro AS intro FROM hd_user user LEFT JOIN hd_userinfo userinfo ON user.id = userinfo.uid WHERE user.id = 4  [ RunTime:0.001170s ]
INFO: [ view_parse ] --START--
INFO: [ template_filter ] --START--
INFO: Run Behavior\ContentReplaceBehavior [ RunTime:0.000052s ]
INFO: [ template_filter ] --END-- [ RunTime:0.000134s ]
NOTIC: [8] Undefined index:  face /Users/gongrui/Documents/www/exam/Index/Runtime/Cache/Admin/c18e10320b1795ceeb9b03a0062e1286.php 第 43 行.
INFO: Run Behavior\ParseTemplateBehavior [ RunTime:0.031407s ]
INFO: [ view_parse ] --END-- [ RunTime:0.031477s ]
INFO: [ view_filter ] --START--
INFO: Run Behavior\WriteHtmlCacheBehavior [ RunTime:0.000107s ]
INFO: [ view_filter ] --END-- [ RunTime:0.000131s ]
INFO: [ app_end ] --START--
INFO: Run Behavior\ShowPageTraceBehavior [ RunTime:0.000335s ]
INFO: [ app_end ] --END-- [ RunTime:0.000374s ]

[ 2016-05-21T14:17:56+08:00 ] 127.0.0.1 /exam/admin.php/User/admin.html
INFO: [ app_init ] --START--
INFO: Run Behavior\BuildLiteBehavior [ RunTime:0.000012s ]
INFO: [ app_init ] --END-- [ RunTime:0.000297s ]
INFO: [ app_begin ] --START--
INFO: Run Behavior\ReadHtmlCacheBehavior [ RunTime:0.000339s ]
INFO: [ app_begin ] --END-- [ RunTime:0.000388s ]
NOTIC: [8192] mysql_connect(): The mysql extension is deprecated and will be removed in the future: use mysqli or PDO instead /Users/gongrui/Documents/www/exam/ThinkPHP/Library/Think/Db/Driver/Mysql.class.php 第 52 行.
SQL: SHOW COLUMNS FROM `hd_admin` [ RunTime:0.006765s ]
SQL: SELECT * FROM `hd_admin`  [ RunTime:0.000318s ]
INFO: [ view_parse ] --START--
INFO: [ template_filter ] --START--
INFO: Run Behavior\ContentReplaceBehavior [ RunTime:0.000031s ]
INFO: [ template_filter ] --END-- [ RunTime:0.000078s ]
INFO: Run Behavior\ParseTemplateBehavior [ RunTime:0.026652s ]
INFO: [ view_parse ] --END-- [ RunTime:0.026708s ]
INFO: [ view_filter ] --START--
INFO: Run Behavior\WriteHtmlCacheBehavior [ RunTime:0.000137s ]
INFO: [ view_filter ] --END-- [ RunTime:0.000170s ]
INFO: [ app_end ] --START--
INFO: Run Behavior\ShowPageTraceBehavior [ RunTime:0.000360s ]
INFO: [ app_end ] --END-- [ RunTime:0.000394s ]

[ 2016-05-21T14:18:11+08:00 ] 127.0.0.1 /exam/admin.php/User/addAdmin.html
INFO: [ app_init ] --START--
INFO: Run Behavior\BuildLiteBehavior [ RunTime:0.000008s ]
INFO: [ app_init ] --END-- [ RunTime:0.000167s ]
INFO: [ app_begin ] --START--
INFO: Run Behavior\ReadHtmlCacheBehavior [ RunTime:0.000264s ]
INFO: [ app_begin ] --END-- [ RunTime:0.000302s ]
INFO: [ view_parse ] --START--
INFO: [ template_filter ] --START--
INFO: Run Behavior\ContentReplaceBehavior [ RunTime:0.000023s ]
INFO: [ template_filter ] --END-- [ RunTime:0.000063s ]
INFO: Run Behavior\ParseTemplateBehavior [ RunTime:0.007970s ]
INFO: [ view_parse ] --END-- [ RunTime:0.008027s ]
INFO: [ view_filter ] --START--
INFO: Run Behavior\WriteHtmlCacheBehavior [ RunTime:0.000087s ]
INFO: [ view_filter ] --END-- [ RunTime:0.000108s ]
INFO: [ app_end ] --START--
INFO: Run Behavior\ShowPageTraceBehavior [ RunTime:0.000269s ]
INFO: [ app_end ] --END-- [ RunTime:0.000294s ]

[ 2016-05-21T14:18:28+08:00 ] 127.0.0.1 /exam/admin.php/Test/index.html
INFO: [ app_init ] --START--
INFO: Run Behavior\BuildLiteBehavior [ RunTime:0.000008s ]
INFO: [ app_init ] --END-- [ RunTime:0.000226s ]
INFO: [ app_begin ] --START--
INFO: Run Behavior\ReadHtmlCacheBehavior [ RunTime:0.000277s ]
INFO: [ app_begin ] --END-- [ RunTime:0.000314s ]
NOTIC: [8192] mysql_connect(): The mysql extension is deprecated and will be removed in the future: use mysqli or PDO instead /Users/gongrui/Documents/www/exam/ThinkPHP/Library/Think/Db/Driver/Mysql.class.php 第 52 行.
SQL: SHOW COLUMNS FROM `hd_paperinfo` [ RunTime:0.001894s ]
SQL: SELECT `type` FROM `hd_paperinfo`  [ RunTime:0.000932s ]
NOTIC: [8] Undefined index: testType /Users/gongrui/Documents/www/exam/Index/Admin/Controller/TestController.class.php 第 20 行.
NOTIC: [8] Undefined index: testType /Users/gongrui/Documents/www/exam/Index/Admin/Controller/TestController.class.php 第 21 行.
NOTIC: [8] Undefined index: testType /Users/gongrui/Documents/www/exam/Index/Admin/Controller/TestController.class.php 第 22 行.
SQL: SHOW COLUMNS FROM `hd_paper` [ RunTime:0.003725s ]
SQL: SELECT COUNT(*) AS tp_count FROM `hd_paper` WHERE `type` = null LIMIT 1   [ RunTime:0.003163s ]
SQL: SELECT * FROM `hd_paper` WHERE `type` = null LIMIT 0,10   [ RunTime:0.005886s ]
INFO: [ view_parse ] --START--
INFO: [ template_filter ] --START--
INFO: Run Behavior\ContentReplaceBehavior [ RunTime:0.000030s ]
INFO: [ template_filter ] --END-- [ RunTime:0.000072s ]
INFO: Run Behavior\ParseTemplateBehavior [ RunTime:0.021353s ]
INFO: [ view_parse ] --END-- [ RunTime:0.022068s ]
INFO: [ view_filter ] --START--
INFO: Run Behavior\WriteHtmlCacheBehavior [ RunTime:0.000144s ]
INFO: [ view_filter ] --END-- [ RunTime:0.000170s ]
INFO: [ app_end ] --START--
INFO: Run Behavior\ShowPageTraceBehavior [ RunTime:0.000288s ]
INFO: [ app_end ] --END-- [ RunTime:0.000323s ]

[ 2016-05-21T14:18:32+08:00 ] 127.0.0.1 /exam/admin.php/Test/addItem.html
INFO: [ app_init ] --START--
INFO: Run Behavior\BuildLiteBehavior [ RunTime:0.000008s ]
INFO: [ app_init ] --END-- [ RunTime:0.000173s ]
INFO: [ app_begin ] --START--
INFO: Run Behavior\ReadHtmlCacheBehavior [ RunTime:0.000210s ]
INFO: [ app_begin ] --END-- [ RunTime:0.000236s ]
NOTIC: [8192] mysql_connect(): The mysql extension is deprecated and will be removed in the future: use mysqli or PDO instead /Users/gongrui/Documents/www/exam/ThinkPHP/Library/Think/Db/Driver/Mysql.class.php 第 52 行.
SQL: SHOW COLUMNS FROM `hd_paperinfo` [ RunTime:0.003193s ]
SQL: SELECT `type` FROM `hd_paperinfo`  [ RunTime:0.000952s ]
INFO: [ view_parse ] --START--
INFO: [ template_filter ] --START--
INFO: Run Behavior\ContentReplaceBehavior [ RunTime:0.000024s ]
INFO: [ template_filter ] --END-- [ RunTime:0.000060s ]
NOTIC: [8] Undefined index: id /Users/gongrui/Documents/www/exam/Index/Runtime/Cache/Admin/d5935a31088e8535eedc3e7392873d13.php 第 61 行.
NOTIC: [8] Undefined index: id /Users/gongrui/Documents/www/exam/Index/Runtime/Cache/Admin/d5935a31088e8535eedc3e7392873d13.php 第 61 行.
NOTIC: [8] Undefined index: id /Users/gongrui/Documents/www/exam/Index/Runtime/Cache/Admin/d5935a31088e8535eedc3e7392873d13.php 第 61 行.
NOTIC: [8] Undefined index: id /Users/gongrui/Documents/www/exam/Index/Runtime/Cache/Admin/d5935a31088e8535eedc3e7392873d13.php 第 61 行.
NOTIC: [8] Undefined index: id /Users/gongrui/Documents/www/exam/Index/Runtime/Cache/Admin/d5935a31088e8535eedc3e7392873d13.php 第 61 行.
NOTIC: [8] Undefined index: id /Users/gongrui/Documents/www/exam/Index/Runtime/Cache/Admin/d5935a31088e8535eedc3e7392873d13.php 第 61 行.
NOTIC: [8] Undefined index: id /Users/gongrui/Documents/www/exam/Index/Runtime/Cache/Admin/d5935a31088e8535eedc3e7392873d13.php 第 61 行.
INFO: Run Behavior\ParseTemplateBehavior [ RunTime:0.012070s ]
INFO: [ view_parse ] --END-- [ RunTime:0.012130s ]
INFO: [ view_filter ] --START--
INFO: Run Behavior\WriteHtmlCacheBehavior [ RunTime:0.000147s ]
INFO: [ view_filter ] --END-- [ RunTime:0.000185s ]
INFO: [ app_end ] --START--
INFO: Run Behavior\ShowPageTraceBehavior [ RunTime:0.000452s ]
INFO: [ app_end ] --END-- [ RunTime:0.000496s ]

[ 2016-05-21T15:58:35+08:00 ] 127.0.0.1 /exam/admin.php/User/addAdmin.html
INFO: [ app_init ] --START--
INFO: Run Behavior\BuildLiteBehavior [ RunTime:0.000011s ]
INFO: [ app_init ] --END-- [ RunTime:0.000406s ]
INFO: [ app_begin ] --START--
INFO: Run Behavior\ReadHtmlCacheBehavior [ RunTime:0.000945s ]
INFO: [ app_begin ] --END-- [ RunTime:0.001013s ]
INFO: [ view_parse ] --START--
INFO: [ template_filter ] --START--
INFO: Run Behavior\ContentReplaceBehavior [ RunTime:0.000027s ]
INFO: [ template_filter ] --END-- [ RunTime:0.000102s ]
INFO: Run Behavior\ParseTemplateBehavior [ RunTime:0.005887s ]
INFO: [ view_parse ] --END-- [ RunTime:0.005930s ]
INFO: [ view_filter ] --START--
INFO: Run Behavior\WriteHtmlCacheBehavior [ RunTime:0.000270s ]
INFO: [ view_filter ] --END-- [ RunTime:0.000304s ]
INFO: [ app_end ] --START--
INFO: Run Behavior\ShowPageTraceBehavior [ RunTime:0.001171s ]
INFO: [ app_end ] --END-- [ RunTime:0.001211s ]

[ 2016-05-21T15:58:36+08:00 ] 127.0.0.1 /exam/admin.php/User/admin.html
INFO: [ app_init ] --START--
INFO: Run Behavior\BuildLiteBehavior [ RunTime:0.000008s ]
INFO: [ app_init ] --END-- [ RunTime:0.000180s ]
INFO: [ app_begin ] --START--
INFO: Run Behavior\ReadHtmlCacheBehavior [ RunTime:0.000214s ]
INFO: [ app_begin ] --END-- [ RunTime:0.000240s ]
NOTIC: [8192] mysql_connect(): The mysql extension is deprecated and will be removed in the future: use mysqli or PDO instead /Users/gongrui/Documents/www/exam/ThinkPHP/Library/Think/Db/Driver/Mysql.class.php 第 52 行.
SQL: SHOW COLUMNS FROM `hd_admin` [ RunTime:0.002334s ]
SQL: SELECT * FROM `hd_admin`  [ RunTime:0.000906s ]
INFO: [ view_parse ] --START--
INFO: [ template_filter ] --START--
INFO: Run Behavior\ContentReplaceBehavior [ RunTime:0.000038s ]
INFO: [ template_filter ] --END-- [ RunTime:0.000101s ]
INFO: Run Behavior\ParseTemplateBehavior [ RunTime:0.029692s ]
INFO: [ view_parse ] --END-- [ RunTime:0.029784s ]
INFO: [ view_filter ] --START--
INFO: Run Behavior\WriteHtmlCacheBehavior [ RunTime:0.000164s ]
INFO: [ view_filter ] --END-- [ RunTime:0.000221s ]
INFO: [ app_end ] --START--
INFO: Run Behavior\ShowPageTraceBehavior [ RunTime:0.000309s ]
INFO: [ app_end ] --END-- [ RunTime:0.004863s ]

[ 2016-05-21T16:00:43+08:00 ] 127.0.0.1 /exam/admin.php
INFO: [ app_init ] --START--
INFO: Run Behavior\BuildLiteBehavior [ RunTime:0.000007s ]
INFO: [ app_init ] --END-- [ RunTime:0.000185s ]
INFO: [ app_begin ] --START--
INFO: Run Behavior\ReadHtmlCacheBehavior [ RunTime:0.000464s ]
INFO: [ app_begin ] --END-- [ RunTime:0.000530s ]
INFO: [ view_parse ] --START--
INFO: [ template_filter ] --START--
INFO: Run Behavior\ContentReplaceBehavior [ RunTime:0.000026s ]
INFO: [ template_filter ] --END-- [ RunTime:0.000065s ]
INFO: Run Behavior\ParseTemplateBehavior [ RunTime:0.024799s ]
INFO: [ view_parse ] --END-- [ RunTime:0.024866s ]
INFO: [ view_filter ] --START--
INFO: Run Behavior\WriteHtmlCacheBehavior [ RunTime:0.000155s ]
INFO: [ view_filter ] --END-- [ RunTime:0.000195s ]
INFO: [ app_end ] --START--
INFO: Run Behavior\ShowPageTraceBehavior [ RunTime:0.000448s ]
INFO: [ app_end ] --END-- [ RunTime:0.000493s ]

[ 2016-05-21T16:00:43+08:00 ] 127.0.0.1 /exam/admin.php/Index/copy.html
INFO: [ app_init ] --START--
INFO: Run Behavior\BuildLiteBehavior [ RunTime:0.000012s ]
INFO: [ app_init ] --END-- [ RunTime:0.000386s ]
INFO: [ app_begin ] --START--
INFO: Run Behavior\ReadHtmlCacheBehavior [ RunTime:0.000289s ]
INFO: [ app_begin ] --END-- [ RunTime:0.000332s ]
NOTIC: [8192] mysql_connect(): The mysql extension is deprecated and will be removed in the future: use mysqli or PDO instead /Users/gongrui/Documents/www/exam/ThinkPHP/Library/Think/Db/Driver/Mysql.class.php 第 52 行.
SQL: SHOW COLUMNS FROM `hd_user` [ RunTime:0.008848s ]
SQL: SELECT COUNT(*) AS tp_count FROM `hd_user` LIMIT 1   [ RunTime:0.000306s ]
SQL: SELECT COUNT(*) AS tp_count FROM `hd_user` WHERE `lock` = 1 LIMIT 1   [ RunTime:0.000276s ]
SQL: SHOW COLUMNS FROM `hd_paperinfo` [ RunTime:0.002836s ]
SQL: SELECT COUNT(*) AS tp_count FROM `hd_paperinfo` LIMIT 1   [ RunTime:0.000318s ]
SQL: SHOW COLUMNS FROM `hd_score` [ RunTime:0.002825s ]
SQL: SELECT DISTINCT  `username` FROM `hd_score`  [ RunTime:0.003899s ]
SQL: SHOW COLUMNS FROM `hd_notice` [ RunTime:0.002176s ]
SQL: SELECT COUNT(*) AS tp_count FROM `hd_notice` LIMIT 1   [ RunTime:0.000793s ]
INFO: [ view_parse ] --START--
INFO: [ template_filter ] --START--
INFO: Run Behavior\ContentReplaceBehavior [ RunTime:0.000142s ]
INFO: [ template_filter ] --END-- [ RunTime:0.000327s ]
INFO: Run Behavior\ParseTemplateBehavior [ RunTime:0.019714s ]
INFO: [ view_parse ] --END-- [ RunTime:0.019785s ]
INFO: [ view_filter ] --START--
INFO: Run Behavior\WriteHtmlCacheBehavior [ RunTime:0.000157s ]
INFO: [ view_filter ] --END-- [ RunTime:0.000198s ]
INFO: [ app_end ] --START--
INFO: Run Behavior\ShowPageTraceBehavior [ RunTime:0.000404s ]
INFO: [ app_end ] --END-- [ RunTime:0.000442s ]

[ 2016-05-21T16:00:46+08:00 ] 127.0.0.1 /exam/admin.php/User/admin.html
INFO: [ app_init ] --START--
INFO: Run Behavior\BuildLiteBehavior [ RunTime:0.000009s ]
INFO: [ app_init ] --END-- [ RunTime:0.000203s ]
INFO: [ app_begin ] --START--
INFO: Run Behavior\ReadHtmlCacheBehavior [ RunTime:0.000591s ]
INFO: [ app_begin ] --END-- [ RunTime:0.000658s ]
NOTIC: [8192] mysql_connect(): The mysql extension is deprecated and will be removed in the future: use mysqli or PDO instead /Users/gongrui/Documents/www/exam/ThinkPHP/Library/Think/Db/Driver/Mysql.class.php 第 52 行.
SQL: SHOW COLUMNS FROM `hd_admin` [ RunTime:0.001589s ]
SQL: SELECT * FROM `hd_admin`  [ RunTime:0.001413s ]
INFO: [ view_parse ] --START--
INFO: [ template_filter ] --START--
INFO: Run Behavior\ContentReplaceBehavior [ RunTime:0.000036s ]
INFO: [ template_filter ] --END-- [ RunTime:0.000097s ]
INFO: Run Behavior\ParseTemplateBehavior [ RunTime:0.025113s ]
INFO: [ view_parse ] --END-- [ RunTime:0.025164s ]
INFO: [ view_filter ] --START--
INFO: Run Behavior\WriteHtmlCacheBehavior [ RunTime:0.000145s ]
INFO: [ view_filter ] --END-- [ RunTime:0.000187s ]
INFO: [ app_end ] --START--
INFO: Run Behavior\ShowPageTraceBehavior [ RunTime:0.000418s ]
INFO: [ app_end ] --END-- [ RunTime:0.000459s ]

[ 2016-05-21T18:56:15+08:00 ] 127.0.0.1 /exam/admin.php/Test/index.html
INFO: [ app_init ] --START--
INFO: Run Behavior\BuildLiteBehavior [ RunTime:0.000012s ]
INFO: [ app_init ] --END-- [ RunTime:0.000498s ]
INFO: [ app_begin ] --START--
INFO: Run Behavior\ReadHtmlCacheBehavior [ RunTime:0.000612s ]
INFO: [ app_begin ] --END-- [ RunTime:0.000677s ]
NOTIC: [8192] mysql_connect(): The mysql extension is deprecated and will be removed in the future: use mysqli or PDO instead /Users/gongrui/Documents/www/exam/ThinkPHP/Library/Think/Db/Driver/Mysql.class.php 第 52 行.
SQL: SHOW COLUMNS FROM `hd_paperinfo` [ RunTime:0.009988s ]
SQL: SELECT `type` FROM `hd_paperinfo`  [ RunTime:0.018732s ]
NOTIC: [8] Undefined index: testType /Users/gongrui/Documents/www/exam/Index/Admin/Controller/TestController.class.php 第 20 行.
NOTIC: [8] Undefined index: testType /Users/gongrui/Documents/www/exam/Index/Admin/Controller/TestController.class.php 第 21 行.
NOTIC: [8] Undefined index: testType /Users/gongrui/Documents/www/exam/Index/Admin/Controller/TestController.class.php 第 22 行.
SQL: SHOW COLUMNS FROM `hd_paper` [ RunTime:0.001863s ]
SQL: SELECT COUNT(*) AS tp_count FROM `hd_paper` WHERE `type` = null LIMIT 1   [ RunTime:0.000758s ]
SQL: SELECT * FROM `hd_paper` WHERE `type` = null LIMIT 0,10   [ RunTime:0.000704s ]
INFO: [ view_parse ] --START--
INFO: [ template_filter ] --START--
INFO: Run Behavior\ContentReplaceBehavior [ RunTime:0.000139s ]
INFO: [ template_filter ] --END-- [ RunTime:0.000210s ]
INFO: Run Behavior\ParseTemplateBehavior [ RunTime:0.039156s ]
INFO: [ view_parse ] --END-- [ RunTime:0.039248s ]
INFO: [ view_filter ] --START--
INFO: Run Behavior\WriteHtmlCacheBehavior [ RunTime:0.000312s ]
INFO: [ view_filter ] --END-- [ RunTime:0.000344s ]
INFO: [ app_end ] --START--
INFO: Run Behavior\ShowPageTraceBehavior [ RunTime:0.000616s ]
INFO: [ app_end ] --END-- [ RunTime:0.000662s ]

[ 2016-05-21T18:56:17+08:00 ] 127.0.0.1 /exam/admin.php/Test/addItem.html
INFO: [ app_init ] --START--
INFO: Run Behavior\BuildLiteBehavior [ RunTime:0.000008s ]
INFO: [ app_init ] --END-- [ RunTime:0.000176s ]
INFO: [ app_begin ] --START--
INFO: Run Behavior\ReadHtmlCacheBehavior [ RunTime:0.000219s ]
INFO: [ app_begin ] --END-- [ RunTime:0.000246s ]
NOTIC: [8192] mysql_connect(): The mysql extension is deprecated and will be removed in the future: use mysqli or PDO instead /Users/gongrui/Documents/www/exam/ThinkPHP/Library/Think/Db/Driver/Mysql.class.php 第 52 行.
SQL: SHOW COLUMNS FROM `hd_paperinfo` [ RunTime:0.000506s ]
SQL: SELECT `type` FROM `hd_paperinfo`  [ RunTime:0.000977s ]
INFO: [ view_parse ] --START--
INFO: [ template_filter ] --START--
INFO: Run Behavior\ContentReplaceBehavior [ RunTime:0.000024s ]
INFO: [ template_filter ] --END-- [ RunTime:0.000056s ]
NOTIC: [8] Undefined index: id /Users/gongrui/Documents/www/exam/Index/Runtime/Cache/Admin/d5935a31088e8535eedc3e7392873d13.php 第 61 行.
NOTIC: [8] Undefined index: id /Users/gongrui/Documents/www/exam/Index/Runtime/Cache/Admin/d5935a31088e8535eedc3e7392873d13.php 第 61 行.
NOTIC: [8] Undefined index: id /Users/gongrui/Documents/www/exam/Index/Runtime/Cache/Admin/d5935a31088e8535eedc3e7392873d13.php 第 61 行.
NOTIC: [8] Undefined index: id /Users/gongrui/Documents/www/exam/Index/Runtime/Cache/Admin/d5935a31088e8535eedc3e7392873d13.php 第 61 行.
NOTIC: [8] Undefined index: id /Users/gongrui/Documents/www/exam/Index/Runtime/Cache/Admin/d5935a31088e8535eedc3e7392873d13.php 第 61 行.
NOTIC: [8] Undefined index: id /Users/gongrui/Documents/www/exam/Index/Runtime/Cache/Admin/d5935a31088e8535eedc3e7392873d13.php 第 61 行.
NOTIC: [8] Undefined index: id /Users/gongrui/Documents/www/exam/Index/Runtime/Cache/Admin/d5935a31088e8535eedc3e7392873d13.php 第 61 行.
INFO: Run Behavior\ParseTemplateBehavior [ RunTime:0.011449s ]
INFO: [ view_parse ] --END-- [ RunTime:0.011487s ]
INFO: [ view_filter ] --START--
INFO: Run Behavior\WriteHtmlCacheBehavior [ RunTime:0.000203s ]
INFO: [ view_filter ] --END-- [ RunTime:0.000244s ]
INFO: [ app_end ] --START--
INFO: Run Behavior\ShowPageTraceBehavior [ RunTime:0.000409s ]
INFO: [ app_end ] --END-- [ RunTime:0.000447s ]

