[ 2016-05-22T14:36:41+08:00 ] 127.0.0.1 /exam/admin.php/Index/loginOut.html
INFO: [ app_init ] --START--
INFO: Run Behavior\BuildLiteBehavior [ RunTime:0.000028s ]
INFO: [ app_init ] --END-- [ RunTime:0.000843s ]
INFO: [ app_begin ] --START--
INFO: Run Behavior\ReadHtmlCacheBehavior [ RunTime:0.000627s ]
INFO: [ app_begin ] --END-- [ RunTime:0.000688s ]

[ 2016-05-22T14:36:41+08:00 ] 127.0.0.1 /exam/admin.php/Login/index.html
INFO: [ app_init ] --START--
INFO: Run Behavior\BuildLiteBehavior [ RunTime:0.000009s ]
INFO: [ app_init ] --END-- [ RunTime:0.000241s ]
INFO: [ app_begin ] --START--
INFO: Run Behavior\ReadHtmlCacheBehavior [ RunTime:0.000245s ]
INFO: [ app_begin ] --END-- [ RunTime:0.000275s ]
INFO: [ view_parse ] --START--
INFO: [ template_filter ] --START--
INFO: Run Behavior\ContentReplaceBehavior [ RunTime:0.000026s ]
INFO: [ template_filter ] --END-- [ RunTime:0.000062s ]
NOTIC: [8] Use of undefined constant login - assumed 'login' /Users/gongrui/Documents/www/exam/Index/Runtime/Cache/Admin/3ffd5d759f173cd3d4e9b9aea6e493d2.php 第 12 行.
INFO: Run Behavior\ParseTemplateBehavior [ RunTime:0.004599s ]
INFO: [ view_parse ] --END-- [ RunTime:0.004636s ]
INFO: [ view_filter ] --START--
INFO: Run Behavior\WriteHtmlCacheBehavior [ RunTime:0.000259s ]
INFO: [ view_filter ] --END-- [ RunTime:0.000291s ]
INFO: [ app_end ] --START--
INFO: Run Behavior\ShowPageTraceBehavior [ RunTime:0.000530s ]
INFO: [ app_end ] --END-- [ RunTime:0.000567s ]

[ 2016-05-22T14:48:55+08:00 ] 127.0.0.1 /exam/admin.php/Login/login.html
INFO: [ app_init ] --START--
INFO: Run Behavior\BuildLiteBehavior [ RunTime:0.000012s ]
INFO: [ app_init ] --END-- [ RunTime:0.000559s ]
INFO: [ app_begin ] --START--
INFO: Run Behavior\ReadHtmlCacheBehavior [ RunTime:0.000541s ]
INFO: [ app_begin ] --END-- [ RunTime:0.000603s ]
NOTIC: [8192] mysql_connect(): The mysql extension is deprecated and will be removed in the future: use mysqli or PDO instead /Users/gongrui/Documents/www/exam/ThinkPHP/Library/Think/Db/Driver/Mysql.class.php 第 52 行.
SQL: SHOW COLUMNS FROM `hd_admin` [ RunTime:0.008456s ]
SQL: SELECT * FROM `hd_admin` WHERE `username` = 'gongrui' LIMIT 1   [ RunTime:0.001769s ]
NOTIC: [8] Use of undefined constant user - assumed 'user' /Users/gongrui/Documents/www/exam/Index/Admin/Controller/LoginController.class.php 第 25 行.
SQL: UPDATE `hd_admin` SET `logintime`=1463899735,`loginip`='127.0.0.1' WHERE `id` = 1 [ RunTime:0.004967s ]
INFO: [ view_parse ] --START--
INFO: [ template_filter ] --START--
INFO: Run Behavior\ContentReplaceBehavior [ RunTime:0.000034s ]
INFO: [ template_filter ] --END-- [ RunTime:0.000091s ]
INFO: Run Behavior\ParseTemplateBehavior [ RunTime:0.018302s ]
INFO: [ view_parse ] --END-- [ RunTime:0.018395s ]
INFO: [ view_filter ] --START--
INFO: Run Behavior\WriteHtmlCacheBehavior [ RunTime:0.000307s ]
INFO: [ view_filter ] --END-- [ RunTime:0.000337s ]
INFO: [ app_end ] --START--
INFO: Run Behavior\ShowPageTraceBehavior [ RunTime:0.000666s ]
INFO: [ app_end ] --END-- [ RunTime:0.000715s ]

[ 2016-05-22T14:48:56+08:00 ] 127.0.0.1 /exam/admin.php
INFO: [ app_init ] --START--
INFO: Run Behavior\BuildLiteBehavior [ RunTime:0.000007s ]
INFO: [ app_init ] --END-- [ RunTime:0.000166s ]
INFO: [ app_begin ] --START--
INFO: Run Behavior\ReadHtmlCacheBehavior [ RunTime:0.006412s ]
INFO: [ app_begin ] --END-- [ RunTime:0.006467s ]
INFO: [ view_parse ] --START--
INFO: [ template_filter ] --START--
INFO: Run Behavior\ContentReplaceBehavior [ RunTime:0.000039s ]
INFO: [ template_filter ] --END-- [ RunTime:0.000102s ]
INFO: Run Behavior\ParseTemplateBehavior [ RunTime:0.013261s ]
INFO: [ view_parse ] --END-- [ RunTime:0.013308s ]
INFO: [ view_filter ] --START--
INFO: Run Behavior\WriteHtmlCacheBehavior [ RunTime:0.000097s ]
INFO: [ view_filter ] --END-- [ RunTime:0.000120s ]
INFO: [ app_end ] --START--
INFO: Run Behavior\ShowPageTraceBehavior [ RunTime:0.000269s ]
INFO: [ app_end ] --END-- [ RunTime:0.000295s ]

[ 2016-05-22T14:48:56+08:00 ] 127.0.0.1 /exam/admin.php/Index/copy.html
INFO: [ app_init ] --START--
INFO: Run Behavior\BuildLiteBehavior [ RunTime:0.000008s ]
INFO: [ app_init ] --END-- [ RunTime:0.000283s ]
INFO: [ app_begin ] --START--
INFO: Run Behavior\ReadHtmlCacheBehavior [ RunTime:0.000747s ]
INFO: [ app_begin ] --END-- [ RunTime:0.000816s ]
NOTIC: [8192] mysql_connect(): The mysql extension is deprecated and will be removed in the future: use mysqli or PDO instead /Users/gongrui/Documents/www/exam/ThinkPHP/Library/Think/Db/Driver/Mysql.class.php 第 52 行.
SQL: SHOW COLUMNS FROM `hd_user` [ RunTime:0.001895s ]
SQL: SELECT COUNT(*) AS tp_count FROM `hd_user` LIMIT 1   [ RunTime:0.001636s ]
SQL: SELECT COUNT(*) AS tp_count FROM `hd_user` WHERE `lock` = 1 LIMIT 1   [ RunTime:0.000386s ]
SQL: SHOW COLUMNS FROM `hd_paperinfo` [ RunTime:0.001216s ]
SQL: SELECT COUNT(*) AS tp_count FROM `hd_paperinfo` LIMIT 1   [ RunTime:0.000959s ]
SQL: SHOW COLUMNS FROM `hd_score` [ RunTime:0.001070s ]
SQL: SELECT DISTINCT  `username` FROM `hd_score`  [ RunTime:0.001731s ]
SQL: SHOW COLUMNS FROM `hd_notice` [ RunTime:0.001326s ]
SQL: SELECT COUNT(*) AS tp_count FROM `hd_notice` LIMIT 1   [ RunTime:0.000367s ]
INFO: [ view_parse ] --START--
INFO: [ template_filter ] --START--
INFO: Run Behavior\ContentReplaceBehavior [ RunTime:0.000027s ]
INFO: [ template_filter ] --END-- [ RunTime:0.000079s ]
INFO: Run Behavior\ParseTemplateBehavior [ RunTime:0.027430s ]
INFO: [ view_parse ] --END-- [ RunTime:0.027533s ]
INFO: [ view_filter ] --START--
INFO: Run Behavior\WriteHtmlCacheBehavior [ RunTime:0.000258s ]
INFO: [ view_filter ] --END-- [ RunTime:0.000297s ]
INFO: [ app_end ] --START--
INFO: Run Behavior\ShowPageTraceBehavior [ RunTime:0.000591s ]
INFO: [ app_end ] --END-- [ RunTime:0.000648s ]

[ 2016-05-22T14:49:04+08:00 ] 127.0.0.1 /exam/admin.php
INFO: [ app_init ] --START--
INFO: Run Behavior\BuildLiteBehavior [ RunTime:0.000009s ]
INFO: [ app_init ] --END-- [ RunTime:0.000343s ]
INFO: [ app_begin ] --START--
INFO: Run Behavior\ReadHtmlCacheBehavior [ RunTime:0.000399s ]
INFO: [ app_begin ] --END-- [ RunTime:0.000465s ]
INFO: [ view_parse ] --START--
INFO: [ template_filter ] --START--
INFO: Run Behavior\ContentReplaceBehavior [ RunTime:0.000035s ]
INFO: [ template_filter ] --END-- [ RunTime:0.000084s ]
INFO: Run Behavior\ParseTemplateBehavior [ RunTime:0.005672s ]
INFO: [ view_parse ] --END-- [ RunTime:0.005724s ]
INFO: [ view_filter ] --START--
INFO: Run Behavior\WriteHtmlCacheBehavior [ RunTime:0.000097s ]
INFO: [ view_filter ] --END-- [ RunTime:0.000117s ]
INFO: [ app_end ] --START--
INFO: Run Behavior\ShowPageTraceBehavior [ RunTime:0.000314s ]
INFO: [ app_end ] --END-- [ RunTime:0.000347s ]

[ 2016-05-22T14:49:04+08:00 ] 127.0.0.1 /exam/admin.php/Index/copy.html
INFO: [ app_init ] --START--
INFO: Run Behavior\BuildLiteBehavior [ RunTime:0.000009s ]
INFO: [ app_init ] --END-- [ RunTime:0.000280s ]
INFO: [ app_begin ] --START--
INFO: Run Behavior\ReadHtmlCacheBehavior [ RunTime:0.000362s ]
INFO: [ app_begin ] --END-- [ RunTime:0.000419s ]
NOTIC: [8192] mysql_connect(): The mysql extension is deprecated and will be removed in the future: use mysqli or PDO instead /Users/gongrui/Documents/www/exam/ThinkPHP/Library/Think/Db/Driver/Mysql.class.php 第 52 行.
SQL: SHOW COLUMNS FROM `hd_user` [ RunTime:0.000642s ]
SQL: SELECT COUNT(*) AS tp_count FROM `hd_user` LIMIT 1   [ RunTime:0.000290s ]
SQL: SELECT COUNT(*) AS tp_count FROM `hd_user` WHERE `lock` = 1 LIMIT 1   [ RunTime:0.001072s ]
SQL: SHOW COLUMNS FROM `hd_paperinfo` [ RunTime:0.000670s ]
SQL: SELECT COUNT(*) AS tp_count FROM `hd_paperinfo` LIMIT 1   [ RunTime:0.000588s ]
SQL: SHOW COLUMNS FROM `hd_score` [ RunTime:0.001185s ]
SQL: SELECT DISTINCT  `username` FROM `hd_score`  [ RunTime:0.002098s ]
SQL: SHOW COLUMNS FROM `hd_notice` [ RunTime:0.002721s ]
SQL: SELECT COUNT(*) AS tp_count FROM `hd_notice` LIMIT 1   [ RunTime:0.000398s ]
INFO: [ view_parse ] --START--
INFO: [ template_filter ] --START--
INFO: Run Behavior\ContentReplaceBehavior [ RunTime:0.000026s ]
INFO: [ template_filter ] --END-- [ RunTime:0.000085s ]
INFO: Run Behavior\ParseTemplateBehavior [ RunTime:0.016101s ]
INFO: [ view_parse ] --END-- [ RunTime:0.016205s ]
INFO: [ view_filter ] --START--
INFO: Run Behavior\WriteHtmlCacheBehavior [ RunTime:0.000173s ]
INFO: [ view_filter ] --END-- [ RunTime:0.000244s ]
INFO: [ app_end ] --START--
INFO: Run Behavior\ShowPageTraceBehavior [ RunTime:0.000511s ]
INFO: [ app_end ] --END-- [ RunTime:0.000558s ]

[ 2016-05-22T14:58:49+08:00 ] 127.0.0.1 /exam/admin.php/User/index.html
INFO: [ app_init ] --START--
INFO: Run Behavior\BuildLiteBehavior [ RunTime:0.000011s ]
INFO: [ app_init ] --END-- [ RunTime:0.000512s ]
INFO: [ app_begin ] --START--
INFO: Run Behavior\ReadHtmlCacheBehavior [ RunTime:0.001220s ]
INFO: [ app_begin ] --END-- [ RunTime:0.001319s ]
NOTIC: [8192] mysql_connect(): The mysql extension is deprecated and will be removed in the future: use mysqli or PDO instead /Users/gongrui/Documents/www/exam/ThinkPHP/Library/Think/Db/Driver/Mysql.class.php 第 52 行.
SQL: SHOW COLUMNS FROM `hd_user` [ RunTime:0.009237s ]
SQL: SELECT COUNT(*) AS tp_count FROM `hd_user` LIMIT 1   [ RunTime:0.000325s ]
SQL: SHOW COLUMNS FROM `hd_userinfo` [ RunTime:0.001731s ]
SQL: SELECT user.id AS id,user.`lock` AS `lock`,user.registime AS registime,userinfo.username AS username,userinfo.face180 AS face,userinfo.sex AS sex,userinfo.location AS location,userinfo.intro AS intro FROM hd_user user LEFT JOIN hd_userinfo userinfo ON user.id = userinfo.uid LIMIT 0,6   [ RunTime:0.002047s ]
INFO: [ view_parse ] --START--
INFO: [ template_filter ] --START--
INFO: Run Behavior\ContentReplaceBehavior [ RunTime:0.000034s ]
INFO: [ template_filter ] --END-- [ RunTime:0.000086s ]
INFO: Run Behavior\ParseTemplateBehavior [ RunTime:0.035831s ]
INFO: [ view_parse ] --END-- [ RunTime:0.047398s ]
INFO: [ view_filter ] --START--
INFO: Run Behavior\WriteHtmlCacheBehavior [ RunTime:0.000271s ]
INFO: [ view_filter ] --END-- [ RunTime:0.000877s ]
INFO: [ app_end ] --START--
INFO: Run Behavior\ShowPageTraceBehavior [ RunTime:0.001222s ]
INFO: [ app_end ] --END-- [ RunTime:0.001799s ]

[ 2016-05-22T14:58:55+08:00 ] 127.0.0.1 /exam/admin.php
INFO: [ app_init ] --START--
INFO: Run Behavior\BuildLiteBehavior [ RunTime:0.000008s ]
INFO: [ app_init ] --END-- [ RunTime:0.000261s ]
INFO: [ app_begin ] --START--
INFO: Run Behavior\ReadHtmlCacheBehavior [ RunTime:0.000597s ]
INFO: [ app_begin ] --END-- [ RunTime:0.000668s ]
INFO: [ view_parse ] --START--
INFO: [ template_filter ] --START--
INFO: Run Behavior\ContentReplaceBehavior [ RunTime:0.000027s ]
INFO: [ template_filter ] --END-- [ RunTime:0.000087s ]
INFO: Run Behavior\ParseTemplateBehavior [ RunTime:0.007436s ]
INFO: [ view_parse ] --END-- [ RunTime:0.007479s ]
INFO: [ view_filter ] --START--
INFO: Run Behavior\WriteHtmlCacheBehavior [ RunTime:0.000115s ]
INFO: [ view_filter ] --END-- [ RunTime:0.000147s ]
INFO: [ app_end ] --START--
INFO: Run Behavior\ShowPageTraceBehavior [ RunTime:0.000340s ]
INFO: [ app_end ] --END-- [ RunTime:0.000373s ]

[ 2016-05-22T14:58:55+08:00 ] 127.0.0.1 /exam/admin.php/Index/copy.html
INFO: [ app_init ] --START--
INFO: Run Behavior\BuildLiteBehavior [ RunTime:0.000009s ]
INFO: [ app_init ] --END-- [ RunTime:0.000190s ]
INFO: [ app_begin ] --START--
INFO: Run Behavior\ReadHtmlCacheBehavior [ RunTime:0.000261s ]
INFO: [ app_begin ] --END-- [ RunTime:0.000305s ]
NOTIC: [8192] mysql_connect(): The mysql extension is deprecated and will be removed in the future: use mysqli or PDO instead /Users/gongrui/Documents/www/exam/ThinkPHP/Library/Think/Db/Driver/Mysql.class.php 第 52 行.
SQL: SHOW COLUMNS FROM `hd_user` [ RunTime:0.003620s ]
SQL: SELECT COUNT(*) AS tp_count FROM `hd_user` LIMIT 1   [ RunTime:0.006108s ]
SQL: SELECT COUNT(*) AS tp_count FROM `hd_user` WHERE `lock` = 1 LIMIT 1   [ RunTime:0.000461s ]
SQL: SHOW COLUMNS FROM `hd_paperinfo` [ RunTime:0.001316s ]
SQL: SELECT COUNT(*) AS tp_count FROM `hd_paperinfo` LIMIT 1   [ RunTime:0.000621s ]
SQL: SHOW COLUMNS FROM `hd_score` [ RunTime:0.003082s ]
SQL: SELECT DISTINCT  `username` FROM `hd_score`  [ RunTime:0.000583s ]
SQL: SHOW COLUMNS FROM `hd_notice` [ RunTime:0.002324s ]
SQL: SELECT COUNT(*) AS tp_count FROM `hd_notice` LIMIT 1   [ RunTime:0.000779s ]
INFO: [ view_parse ] --START--
INFO: [ template_filter ] --START--
INFO: Run Behavior\ContentReplaceBehavior [ RunTime:0.000039s ]
INFO: [ template_filter ] --END-- [ RunTime:0.000103s ]
INFO: Run Behavior\ParseTemplateBehavior [ RunTime:0.016383s ]
INFO: [ view_parse ] --END-- [ RunTime:0.022675s ]
INFO: [ view_filter ] --START--
INFO: Run Behavior\WriteHtmlCacheBehavior [ RunTime:0.000460s ]
INFO: [ view_filter ] --END-- [ RunTime:0.000567s ]
INFO: [ app_end ] --START--
INFO: Run Behavior\ShowPageTraceBehavior [ RunTime:0.001506s ]
INFO: [ app_end ] --END-- [ RunTime:0.001627s ]

[ 2016-05-22T14:58:59+08:00 ] 127.0.0.1 /exam/admin.php/User/index.html
INFO: [ app_init ] --START--
INFO: Run Behavior\BuildLiteBehavior [ RunTime:0.000008s ]
INFO: [ app_init ] --END-- [ RunTime:0.000179s ]
INFO: [ app_begin ] --START--
INFO: Run Behavior\ReadHtmlCacheBehavior [ RunTime:0.000229s ]
INFO: [ app_begin ] --END-- [ RunTime:0.000258s ]
NOTIC: [8192] mysql_connect(): The mysql extension is deprecated and will be removed in the future: use mysqli or PDO instead /Users/gongrui/Documents/www/exam/ThinkPHP/Library/Think/Db/Driver/Mysql.class.php 第 52 行.
SQL: SHOW COLUMNS FROM `hd_user` [ RunTime:0.000474s ]
SQL: SELECT COUNT(*) AS tp_count FROM `hd_user` LIMIT 1   [ RunTime:0.000437s ]
SQL: SHOW COLUMNS FROM `hd_userinfo` [ RunTime:0.000988s ]
SQL: SELECT user.id AS id,user.`lock` AS `lock`,user.registime AS registime,userinfo.username AS username,userinfo.face180 AS face,userinfo.sex AS sex,userinfo.location AS location,userinfo.intro AS intro FROM hd_user user LEFT JOIN hd_userinfo userinfo ON user.id = userinfo.uid LIMIT 0,6   [ RunTime:0.001709s ]
INFO: [ view_parse ] --START--
INFO: [ template_filter ] --START--
INFO: Run Behavior\ContentReplaceBehavior [ RunTime:0.000024s ]
INFO: [ template_filter ] --END-- [ RunTime:0.000095s ]
INFO: Run Behavior\ParseTemplateBehavior [ RunTime:0.027779s ]
INFO: [ view_parse ] --END-- [ RunTime:0.027849s ]
INFO: [ view_filter ] --START--
INFO: Run Behavior\WriteHtmlCacheBehavior [ RunTime:0.000093s ]
INFO: [ view_filter ] --END-- [ RunTime:0.000790s ]
INFO: [ app_end ] --START--
INFO: Run Behavior\ShowPageTraceBehavior [ RunTime:0.002378s ]
INFO: [ app_end ] --END-- [ RunTime:0.003055s ]

[ 2016-05-22T14:59:35+08:00 ] 127.0.0.1 /exam/admin.php
INFO: [ app_init ] --START--
INFO: Run Behavior\BuildLiteBehavior [ RunTime:0.000009s ]
INFO: [ app_init ] --END-- [ RunTime:0.000416s ]
INFO: [ app_begin ] --START--
INFO: Run Behavior\ReadHtmlCacheBehavior [ RunTime:0.000548s ]
INFO: [ app_begin ] --END-- [ RunTime:0.001129s ]
INFO: [ view_parse ] --START--
INFO: [ template_filter ] --START--
INFO: Run Behavior\ContentReplaceBehavior [ RunTime:0.000026s ]
INFO: [ template_filter ] --END-- [ RunTime:0.000091s ]
INFO: Run Behavior\ParseTemplateBehavior [ RunTime:0.009251s ]
INFO: [ view_parse ] --END-- [ RunTime:0.009295s ]
INFO: [ view_filter ] --START--
INFO: Run Behavior\WriteHtmlCacheBehavior [ RunTime:0.000310s ]
INFO: [ view_filter ] --END-- [ RunTime:0.000353s ]
INFO: [ app_end ] --START--
INFO: Run Behavior\ShowPageTraceBehavior [ RunTime:0.000627s ]
INFO: [ app_end ] --END-- [ RunTime:0.000674s ]

[ 2016-05-22T14:59:36+08:00 ] 127.0.0.1 /exam/admin.php/Index/copy.html
INFO: [ app_init ] --START--
INFO: Run Behavior\BuildLiteBehavior [ RunTime:0.000009s ]
INFO: [ app_init ] --END-- [ RunTime:0.000297s ]
INFO: [ app_begin ] --START--
INFO: Run Behavior\ReadHtmlCacheBehavior [ RunTime:0.001391s ]
INFO: [ app_begin ] --END-- [ RunTime:0.001545s ]
NOTIC: [8192] mysql_connect(): The mysql extension is deprecated and will be removed in the future: use mysqli or PDO instead /Users/gongrui/Documents/www/exam/ThinkPHP/Library/Think/Db/Driver/Mysql.class.php 第 52 行.
SQL: SHOW COLUMNS FROM `hd_user` [ RunTime:0.010294s ]
SQL: SELECT COUNT(*) AS tp_count FROM `hd_user` LIMIT 1   [ RunTime:0.000370s ]
SQL: SELECT COUNT(*) AS tp_count FROM `hd_user` WHERE `lock` = 1 LIMIT 1   [ RunTime:0.006872s ]
SQL: SHOW COLUMNS FROM `hd_paperinfo` [ RunTime:0.002361s ]
SQL: SELECT COUNT(*) AS tp_count FROM `hd_paperinfo` LIMIT 1   [ RunTime:0.000324s ]
SQL: SHOW COLUMNS FROM `hd_score` [ RunTime:0.003245s ]
SQL: SELECT DISTINCT  `username` FROM `hd_score`  [ RunTime:0.003630s ]
SQL: SHOW COLUMNS FROM `hd_notice` [ RunTime:0.010742s ]
SQL: SELECT COUNT(*) AS tp_count FROM `hd_notice` LIMIT 1   [ RunTime:0.000973s ]
INFO: [ view_parse ] --START--
INFO: [ template_filter ] --START--
INFO: Run Behavior\ContentReplaceBehavior [ RunTime:0.000042s ]
INFO: [ template_filter ] --END-- [ RunTime:0.000135s ]
INFO: Run Behavior\ParseTemplateBehavior [ RunTime:0.017782s ]
INFO: [ view_parse ] --END-- [ RunTime:0.017849s ]
INFO: [ view_filter ] --START--
INFO: Run Behavior\WriteHtmlCacheBehavior [ RunTime:0.000123s ]
INFO: [ view_filter ] --END-- [ RunTime:0.000148s ]
INFO: [ app_end ] --START--
INFO: Run Behavior\ShowPageTraceBehavior [ RunTime:0.000717s ]
INFO: [ app_end ] --END-- [ RunTime:0.000773s ]

[ 2016-05-22T14:59:38+08:00 ] 127.0.0.1 /exam/admin.php/User/index.html
INFO: [ app_init ] --START--
INFO: Run Behavior\BuildLiteBehavior [ RunTime:0.000009s ]
INFO: [ app_init ] --END-- [ RunTime:0.000190s ]
INFO: [ app_begin ] --START--
INFO: Run Behavior\ReadHtmlCacheBehavior [ RunTime:0.000235s ]
INFO: [ app_begin ] --END-- [ RunTime:0.000263s ]
NOTIC: [8192] mysql_connect(): The mysql extension is deprecated and will be removed in the future: use mysqli or PDO instead /Users/gongrui/Documents/www/exam/ThinkPHP/Library/Think/Db/Driver/Mysql.class.php 第 52 行.
SQL: SHOW COLUMNS FROM `hd_user` [ RunTime:0.008370s ]
SQL: SELECT COUNT(*) AS tp_count FROM `hd_user` LIMIT 1   [ RunTime:0.000622s ]
SQL: SHOW COLUMNS FROM `hd_userinfo` [ RunTime:0.000544s ]
SQL: SELECT user.id AS id,user.`lock` AS `lock`,user.registime AS registime,userinfo.username AS username,userinfo.face180 AS face,userinfo.sex AS sex,userinfo.location AS location,userinfo.intro AS intro FROM hd_user user LEFT JOIN hd_userinfo userinfo ON user.id = userinfo.uid LIMIT 0,4   [ RunTime:0.000368s ]
INFO: [ view_parse ] --START--
INFO: [ template_filter ] --START--
INFO: Run Behavior\ContentReplaceBehavior [ RunTime:0.000023s ]
INFO: [ template_filter ] --END-- [ RunTime:0.000068s ]
INFO: Run Behavior\ParseTemplateBehavior [ RunTime:0.016193s ]
INFO: [ view_parse ] --END-- [ RunTime:0.016243s ]
INFO: [ view_filter ] --START--
INFO: Run Behavior\WriteHtmlCacheBehavior [ RunTime:0.000135s ]
INFO: [ view_filter ] --END-- [ RunTime:0.000198s ]
INFO: [ app_end ] --START--
INFO: Run Behavior\ShowPageTraceBehavior [ RunTime:0.002092s ]
INFO: [ app_end ] --END-- [ RunTime:0.002149s ]

[ 2016-05-22T15:00:07+08:00 ] 127.0.0.1 /exam/admin.php/User/sechUser.html
INFO: [ app_init ] --START--
INFO: Run Behavior\BuildLiteBehavior [ RunTime:0.000010s ]
INFO: [ app_init ] --END-- [ RunTime:0.000399s ]
INFO: [ app_begin ] --START--
INFO: Run Behavior\ReadHtmlCacheBehavior [ RunTime:0.000484s ]
INFO: [ app_begin ] --END-- [ RunTime:0.000524s ]
INFO: [ view_parse ] --START--
INFO: [ template_filter ] --START--
INFO: Run Behavior\ContentReplaceBehavior [ RunTime:0.000023s ]
INFO: [ template_filter ] --END-- [ RunTime:0.000060s ]
NOTIC: [8] Undefined variable: user /Users/gongrui/Documents/www/exam/Index/Runtime/Cache/Admin/c18e10320b1795ceeb9b03a0062e1286.php 第 39 行.
INFO: Run Behavior\ParseTemplateBehavior [ RunTime:0.006132s ]
INFO: [ view_parse ] --END-- [ RunTime:0.006178s ]
INFO: [ view_filter ] --START--
INFO: Run Behavior\WriteHtmlCacheBehavior [ RunTime:0.000272s ]
INFO: [ view_filter ] --END-- [ RunTime:0.000302s ]
INFO: [ app_end ] --START--
INFO: Run Behavior\ShowPageTraceBehavior [ RunTime:0.000583s ]
INFO: [ app_end ] --END-- [ RunTime:0.000618s ]

[ 2016-05-22T15:00:19+08:00 ] 127.0.0.1 /exam/admin.php/User/sechUser.html?type=0&sech=xiaobaitu
INFO: [ app_init ] --START--
INFO: Run Behavior\BuildLiteBehavior [ RunTime:0.000008s ]
INFO: [ app_init ] --END-- [ RunTime:0.000233s ]
INFO: [ app_begin ] --START--
INFO: Run Behavior\ReadHtmlCacheBehavior [ RunTime:0.000238s ]
INFO: [ app_begin ] --END-- [ RunTime:0.000269s ]
NOTIC: [8192] mysql_connect(): The mysql extension is deprecated and will be removed in the future: use mysqli or PDO instead /Users/gongrui/Documents/www/exam/ThinkPHP/Library/Think/Db/Driver/Mysql.class.php 第 52 行.
SQL: SHOW COLUMNS FROM `hd_user` [ RunTime:0.007809s ]
SQL: SHOW COLUMNS FROM `hd_userinfo` [ RunTime:0.000918s ]
SQL: SELECT user.id AS id,user.`lock` AS `lock`,user.registime AS registime,userinfo.username AS username,userinfo.face180 AS face,userinfo.sex AS sex,userinfo.location AS location,userinfo.intro AS intro FROM hd_user user LEFT JOIN hd_userinfo userinfo ON user.id = userinfo.uid WHERE userinfo.username LIKE '%xiaobaitu%'  [ RunTime:0.011298s ]
INFO: [ view_parse ] --START--
INFO: [ template_filter ] --START--
INFO: Run Behavior\ContentReplaceBehavior [ RunTime:0.000028s ]
INFO: [ template_filter ] --END-- [ RunTime:0.000078s ]
NOTIC: [8] Undefined index:  face /Users/gongrui/Documents/www/exam/Index/Runtime/Cache/Admin/c18e10320b1795ceeb9b03a0062e1286.php 第 43 行.
INFO: Run Behavior\ParseTemplateBehavior [ RunTime:0.027697s ]
INFO: [ view_parse ] --END-- [ RunTime:0.027801s ]
INFO: [ view_filter ] --START--
INFO: Run Behavior\WriteHtmlCacheBehavior [ RunTime:0.000098s ]
INFO: [ view_filter ] --END-- [ RunTime:0.000122s ]
INFO: [ app_end ] --START--
INFO: Run Behavior\ShowPageTraceBehavior [ RunTime:0.001796s ]
INFO: [ app_end ] --END-- [ RunTime:0.002631s ]

[ 2016-05-22T15:01:05+08:00 ] 127.0.0.1 /exam/admin.php
INFO: [ app_init ] --START--
INFO: Run Behavior\BuildLiteBehavior [ RunTime:0.000012s ]
INFO: [ app_init ] --END-- [ RunTime:0.000416s ]
INFO: [ app_begin ] --START--
INFO: Run Behavior\ReadHtmlCacheBehavior [ RunTime:0.000429s ]
INFO: [ app_begin ] --END-- [ RunTime:0.000472s ]
INFO: [ view_parse ] --START--
INFO: [ template_filter ] --START--
INFO: Run Behavior\ContentReplaceBehavior [ RunTime:0.000024s ]
INFO: [ template_filter ] --END-- [ RunTime:0.000060s ]
INFO: Run Behavior\ParseTemplateBehavior [ RunTime:0.005728s ]
INFO: [ view_parse ] --END-- [ RunTime:0.005774s ]
INFO: [ view_filter ] --START--
INFO: Run Behavior\WriteHtmlCacheBehavior [ RunTime:0.000286s ]
INFO: [ view_filter ] --END-- [ RunTime:0.000315s ]
INFO: [ app_end ] --START--
INFO: Run Behavior\ShowPageTraceBehavior [ RunTime:0.000495s ]
INFO: [ app_end ] --END-- [ RunTime:0.000530s ]

[ 2016-05-22T15:01:05+08:00 ] 127.0.0.1 /exam/admin.php/Index/copy.html
INFO: [ app_init ] --START--
INFO: Run Behavior\BuildLiteBehavior [ RunTime:0.000008s ]
INFO: [ app_init ] --END-- [ RunTime:0.000180s ]
INFO: [ app_begin ] --START--
INFO: Run Behavior\ReadHtmlCacheBehavior [ RunTime:0.000236s ]
INFO: [ app_begin ] --END-- [ RunTime:0.000286s ]
NOTIC: [8192] mysql_connect(): The mysql extension is deprecated and will be removed in the future: use mysqli or PDO instead /Users/gongrui/Documents/www/exam/ThinkPHP/Library/Think/Db/Driver/Mysql.class.php 第 52 行.
SQL: SHOW COLUMNS FROM `hd_user` [ RunTime:0.011102s ]
SQL: SELECT COUNT(*) AS tp_count FROM `hd_user` LIMIT 1   [ RunTime:0.000393s ]
SQL: SELECT COUNT(*) AS tp_count FROM `hd_user` WHERE `lock` = 1 LIMIT 1   [ RunTime:0.000245s ]
SQL: SHOW COLUMNS FROM `hd_paperinfo` [ RunTime:0.013476s ]
SQL: SELECT COUNT(*) AS tp_count FROM `hd_paperinfo` LIMIT 1   [ RunTime:0.000392s ]
SQL: SHOW COLUMNS FROM `hd_score` [ RunTime:0.005431s ]
SQL: SELECT DISTINCT  `username` FROM `hd_score`  [ RunTime:0.001331s ]
SQL: SHOW COLUMNS FROM `hd_notice` [ RunTime:0.001822s ]
SQL: SELECT COUNT(*) AS tp_count FROM `hd_notice` LIMIT 1   [ RunTime:0.000605s ]
INFO: [ view_parse ] --START--
INFO: [ template_filter ] --START--
INFO: Run Behavior\ContentReplaceBehavior [ RunTime:0.000025s ]
INFO: [ template_filter ] --END-- [ RunTime:0.000073s ]
INFO: Run Behavior\ParseTemplateBehavior [ RunTime:0.027993s ]
INFO: [ view_parse ] --END-- [ RunTime:0.028075s ]
INFO: [ view_filter ] --START--
INFO: Run Behavior\WriteHtmlCacheBehavior [ RunTime:0.000104s ]
INFO: [ view_filter ] --END-- [ RunTime:0.000126s ]
INFO: [ app_end ] --START--
INFO: Run Behavior\ShowPageTraceBehavior [ RunTime:0.000339s ]
INFO: [ app_end ] --END-- [ RunTime:0.001003s ]

[ 2016-05-22T15:01:08+08:00 ] 127.0.0.1 /exam/admin.php/User/sechUser.html
INFO: [ app_init ] --START--
INFO: Run Behavior\BuildLiteBehavior [ RunTime:0.000010s ]
INFO: [ app_init ] --END-- [ RunTime:0.000200s ]
INFO: [ app_begin ] --START--
INFO: Run Behavior\ReadHtmlCacheBehavior [ RunTime:0.000285s ]
INFO: [ app_begin ] --END-- [ RunTime:0.000315s ]
INFO: [ view_parse ] --START--
INFO: [ template_filter ] --START--
INFO: Run Behavior\ContentReplaceBehavior [ RunTime:0.000020s ]
INFO: [ template_filter ] --END-- [ RunTime:0.000053s ]
NOTIC: [8] Undefined variable: user /Users/gongrui/Documents/www/exam/Index/Runtime/Cache/Admin/c18e10320b1795ceeb9b03a0062e1286.php 第 39 行.
INFO: Run Behavior\ParseTemplateBehavior [ RunTime:0.005229s ]
INFO: [ view_parse ] --END-- [ RunTime:0.005260s ]
INFO: [ view_filter ] --START--
INFO: Run Behavior\WriteHtmlCacheBehavior [ RunTime:0.000080s ]
INFO: [ view_filter ] --END-- [ RunTime:0.000100s ]
INFO: [ app_end ] --START--
INFO: Run Behavior\ShowPageTraceBehavior [ RunTime:0.000239s ]
INFO: [ app_end ] --END-- [ RunTime:0.000261s ]

[ 2016-05-22T15:01:23+08:00 ] 127.0.0.1 /exam/admin.php/User/sechUser.html?type=0&sech=rui88
INFO: [ app_init ] --START--
INFO: Run Behavior\BuildLiteBehavior [ RunTime:0.000008s ]
INFO: [ app_init ] --END-- [ RunTime:0.000182s ]
INFO: [ app_begin ] --START--
INFO: Run Behavior\ReadHtmlCacheBehavior [ RunTime:0.000230s ]
INFO: [ app_begin ] --END-- [ RunTime:0.000259s ]
NOTIC: [8192] mysql_connect(): The mysql extension is deprecated and will be removed in the future: use mysqli or PDO instead /Users/gongrui/Documents/www/exam/ThinkPHP/Library/Think/Db/Driver/Mysql.class.php 第 52 行.
SQL: SHOW COLUMNS FROM `hd_user` [ RunTime:0.001677s ]
SQL: SHOW COLUMNS FROM `hd_userinfo` [ RunTime:0.001268s ]
SQL: SELECT user.id AS id,user.`lock` AS `lock`,user.registime AS registime,userinfo.username AS username,userinfo.face180 AS face,userinfo.sex AS sex,userinfo.location AS location,userinfo.intro AS intro FROM hd_user user LEFT JOIN hd_userinfo userinfo ON user.id = userinfo.uid WHERE userinfo.username LIKE '%rui88%'  [ RunTime:0.001861s ]
INFO: [ view_parse ] --START--
INFO: [ template_filter ] --START--
INFO: Run Behavior\ContentReplaceBehavior [ RunTime:0.000026s ]
INFO: [ template_filter ] --END-- [ RunTime:0.000071s ]
NOTIC: [8] Undefined index:  face /Users/gongrui/Documents/www/exam/Index/Runtime/Cache/Admin/c18e10320b1795ceeb9b03a0062e1286.php 第 43 行.
INFO: Run Behavior\ParseTemplateBehavior [ RunTime:0.028852s ]
INFO: [ view_parse ] --END-- [ RunTime:0.028900s ]
INFO: [ view_filter ] --START--
INFO: Run Behavior\WriteHtmlCacheBehavior [ RunTime:0.000094s ]
INFO: [ view_filter ] --END-- [ RunTime:0.000117s ]
INFO: [ app_end ] --START--
INFO: Run Behavior\ShowPageTraceBehavior [ RunTime:0.000361s ]
INFO: [ app_end ] --END-- [ RunTime:0.000399s ]

[ 2016-05-22T15:01:55+08:00 ] 127.0.0.1 /exam/admin.php/User/admin.html
INFO: [ app_init ] --START--
INFO: Run Behavior\BuildLiteBehavior [ RunTime:0.000012s ]
INFO: [ app_init ] --END-- [ RunTime:0.000421s ]
INFO: [ app_begin ] --START--
INFO: Run Behavior\ReadHtmlCacheBehavior [ RunTime:0.000806s ]
INFO: [ app_begin ] --END-- [ RunTime:0.000862s ]
NOTIC: [8192] mysql_connect(): The mysql extension is deprecated and will be removed in the future: use mysqli or PDO instead /Users/gongrui/Documents/www/exam/ThinkPHP/Library/Think/Db/Driver/Mysql.class.php 第 52 行.
SQL: SHOW COLUMNS FROM `hd_admin` [ RunTime:0.012277s ]
SQL: SELECT * FROM `hd_admin`  [ RunTime:0.001406s ]
INFO: [ view_parse ] --START--
INFO: [ template_filter ] --START--
INFO: Run Behavior\ContentReplaceBehavior [ RunTime:0.000025s ]
INFO: [ template_filter ] --END-- [ RunTime:0.000062s ]
INFO: Run Behavior\ParseTemplateBehavior [ RunTime:0.030558s ]
INFO: [ view_parse ] --END-- [ RunTime:0.030606s ]
INFO: [ view_filter ] --START--
INFO: Run Behavior\WriteHtmlCacheBehavior [ RunTime:0.000300s ]
INFO: [ view_filter ] --END-- [ RunTime:0.000331s ]
INFO: [ app_end ] --START--
INFO: Run Behavior\ShowPageTraceBehavior [ RunTime:0.000533s ]
INFO: [ app_end ] --END-- [ RunTime:0.000568s ]

[ 2016-05-22T15:02:17+08:00 ] 127.0.0.1 /exam/admin.php/User/addAdmin.html
INFO: [ app_init ] --START--
INFO: Run Behavior\BuildLiteBehavior [ RunTime:0.000036s ]
INFO: [ app_init ] --END-- [ RunTime:0.000246s ]
INFO: [ app_begin ] --START--
INFO: Run Behavior\ReadHtmlCacheBehavior [ RunTime:0.000299s ]
INFO: [ app_begin ] --END-- [ RunTime:0.000336s ]
INFO: [ view_parse ] --START--
INFO: [ template_filter ] --START--
INFO: Run Behavior\ContentReplaceBehavior [ RunTime:0.000024s ]
INFO: [ template_filter ] --END-- [ RunTime:0.000062s ]
INFO: Run Behavior\ParseTemplateBehavior [ RunTime:0.008547s ]
INFO: [ view_parse ] --END-- [ RunTime:0.008582s ]
INFO: [ view_filter ] --START--
INFO: Run Behavior\WriteHtmlCacheBehavior [ RunTime:0.000092s ]
INFO: [ view_filter ] --END-- [ RunTime:0.000115s ]
INFO: [ app_end ] --START--
INFO: Run Behavior\ShowPageTraceBehavior [ RunTime:0.000268s ]
INFO: [ app_end ] --END-- [ RunTime:0.000293s ]

[ 2016-05-22T15:02:58+08:00 ] 127.0.0.1 /exam/admin.php/Test/index.html
INFO: [ app_init ] --START--
INFO: Run Behavior\BuildLiteBehavior [ RunTime:0.000010s ]
INFO: [ app_init ] --END-- [ RunTime:0.000385s ]
INFO: [ app_begin ] --START--
INFO: Run Behavior\ReadHtmlCacheBehavior [ RunTime:0.000451s ]
INFO: [ app_begin ] --END-- [ RunTime:0.000495s ]
NOTIC: [8192] mysql_connect(): The mysql extension is deprecated and will be removed in the future: use mysqli or PDO instead /Users/gongrui/Documents/www/exam/ThinkPHP/Library/Think/Db/Driver/Mysql.class.php 第 52 行.
SQL: SHOW COLUMNS FROM `hd_paperinfo` [ RunTime:0.002367s ]
SQL: SELECT `type` FROM `hd_paperinfo`  [ RunTime:0.005568s ]
NOTIC: [8] Undefined index: testType /Users/gongrui/Documents/www/exam/Index/Admin/Controller/TestController.class.php 第 20 行.
NOTIC: [8] Undefined index: testType /Users/gongrui/Documents/www/exam/Index/Admin/Controller/TestController.class.php 第 21 行.
NOTIC: [8] Undefined index: testType /Users/gongrui/Documents/www/exam/Index/Admin/Controller/TestController.class.php 第 22 行.
SQL: SHOW COLUMNS FROM `hd_paper` [ RunTime:0.006933s ]
SQL: SELECT COUNT(*) AS tp_count FROM `hd_paper` WHERE `type` = null LIMIT 1   [ RunTime:0.001242s ]
SQL: SELECT * FROM `hd_paper` WHERE `type` = null LIMIT 0,10   [ RunTime:0.000361s ]
INFO: [ view_parse ] --START--
INFO: [ template_filter ] --START--
INFO: Run Behavior\ContentReplaceBehavior [ RunTime:0.000037s ]
INFO: [ template_filter ] --END-- [ RunTime:0.000091s ]
INFO: Run Behavior\ParseTemplateBehavior [ RunTime:0.027083s ]
INFO: [ view_parse ] --END-- [ RunTime:0.027175s ]
INFO: [ view_filter ] --START--
INFO: Run Behavior\WriteHtmlCacheBehavior [ RunTime:0.000308s ]
INFO: [ view_filter ] --END-- [ RunTime:0.000341s ]
INFO: [ app_end ] --START--
INFO: Run Behavior\ShowPageTraceBehavior [ RunTime:0.001283s ]
INFO: [ app_end ] --END-- [ RunTime:0.001336s ]

[ 2016-05-22T15:03:01+08:00 ] 127.0.0.1 /exam/admin.php/Test/index.html?testType=JAVA
INFO: [ app_init ] --START--
INFO: Run Behavior\BuildLiteBehavior [ RunTime:0.000009s ]
INFO: [ app_init ] --END-- [ RunTime:0.000197s ]
INFO: [ app_begin ] --START--
INFO: Run Behavior\ReadHtmlCacheBehavior [ RunTime:0.000457s ]
INFO: [ app_begin ] --END-- [ RunTime:0.000551s ]
NOTIC: [8192] mysql_connect(): The mysql extension is deprecated and will be removed in the future: use mysqli or PDO instead /Users/gongrui/Documents/www/exam/ThinkPHP/Library/Think/Db/Driver/Mysql.class.php 第 52 行.
SQL: SHOW COLUMNS FROM `hd_paperinfo` [ RunTime:0.006511s ]
SQL: SELECT `type` FROM `hd_paperinfo`  [ RunTime:0.002572s ]
SQL: SHOW COLUMNS FROM `hd_paper` [ RunTime:0.002868s ]
SQL: SELECT COUNT(*) AS tp_count FROM `hd_paper` WHERE `type` = 'JAVA' LIMIT 1   [ RunTime:0.002103s ]
SQL: SELECT * FROM `hd_paper` WHERE `type` = 'JAVA' LIMIT 0,10   [ RunTime:0.000913s ]
INFO: [ view_parse ] --START--
INFO: [ template_filter ] --START--
INFO: Run Behavior\ContentReplaceBehavior [ RunTime:0.000067s ]
INFO: [ template_filter ] --END-- [ RunTime:0.000161s ]
INFO: Run Behavior\ParseTemplateBehavior [ RunTime:0.019509s ]
INFO: [ view_parse ] --END-- [ RunTime:0.019615s ]
INFO: [ view_filter ] --START--
INFO: Run Behavior\WriteHtmlCacheBehavior [ RunTime:0.000217s ]
INFO: [ view_filter ] --END-- [ RunTime:0.000255s ]
INFO: [ app_end ] --START--
INFO: Run Behavior\ShowPageTraceBehavior [ RunTime:0.000486s ]
INFO: [ app_end ] --END-- [ RunTime:0.000534s ]

[ 2016-05-22T15:03:33+08:00 ] 127.0.0.1 /exam/admin.php/Test/addItem.html
INFO: [ app_init ] --START--
INFO: Run Behavior\BuildLiteBehavior [ RunTime:0.000009s ]
INFO: [ app_init ] --END-- [ RunTime:0.000193s ]
INFO: [ app_begin ] --START--
INFO: Run Behavior\ReadHtmlCacheBehavior [ RunTime:0.000255s ]
INFO: [ app_begin ] --END-- [ RunTime:0.000288s ]
NOTIC: [8192] mysql_connect(): The mysql extension is deprecated and will be removed in the future: use mysqli or PDO instead /Users/gongrui/Documents/www/exam/ThinkPHP/Library/Think/Db/Driver/Mysql.class.php 第 52 行.
SQL: SHOW COLUMNS FROM `hd_paperinfo` [ RunTime:0.008141s ]
SQL: SELECT `type` FROM `hd_paperinfo`  [ RunTime:0.000351s ]
INFO: [ view_parse ] --START--
INFO: [ template_filter ] --START--
INFO: Run Behavior\ContentReplaceBehavior [ RunTime:0.000025s ]
INFO: [ template_filter ] --END-- [ RunTime:0.000064s ]
NOTIC: [8] Undefined index: id /Users/gongrui/Documents/www/exam/Index/Runtime/Cache/Admin/d5935a31088e8535eedc3e7392873d13.php 第 61 行.
NOTIC: [8] Undefined index: id /Users/gongrui/Documents/www/exam/Index/Runtime/Cache/Admin/d5935a31088e8535eedc3e7392873d13.php 第 61 行.
NOTIC: [8] Undefined index: id /Users/gongrui/Documents/www/exam/Index/Runtime/Cache/Admin/d5935a31088e8535eedc3e7392873d13.php 第 61 行.
NOTIC: [8] Undefined index: id /Users/gongrui/Documents/www/exam/Index/Runtime/Cache/Admin/d5935a31088e8535eedc3e7392873d13.php 第 61 行.
NOTIC: [8] Undefined index: id /Users/gongrui/Documents/www/exam/Index/Runtime/Cache/Admin/d5935a31088e8535eedc3e7392873d13.php 第 61 行.
NOTIC: [8] Undefined index: id /Users/gongrui/Documents/www/exam/Index/Runtime/Cache/Admin/d5935a31088e8535eedc3e7392873d13.php 第 61 行.
NOTIC: [8] Undefined index: id /Users/gongrui/Documents/www/exam/Index/Runtime/Cache/Admin/d5935a31088e8535eedc3e7392873d13.php 第 61 行.
INFO: Run Behavior\ParseTemplateBehavior [ RunTime:0.022053s ]
INFO: [ view_parse ] --END-- [ RunTime:0.022147s ]
INFO: [ view_filter ] --START--
INFO: Run Behavior\WriteHtmlCacheBehavior [ RunTime:0.000161s ]
INFO: [ view_filter ] --END-- [ RunTime:0.000208s ]
INFO: [ app_end ] --START--
INFO: Run Behavior\ShowPageTraceBehavior [ RunTime:0.000665s ]
INFO: [ app_end ] --END-- [ RunTime:0.000716s ]

[ 2016-05-22T15:09:30+08:00 ] 127.0.0.1 /exam/admin.php/User/index.html
INFO: [ app_init ] --START--
INFO: Run Behavior\BuildLiteBehavior [ RunTime:0.000012s ]
INFO: [ app_init ] --END-- [ RunTime:0.000508s ]
INFO: [ app_begin ] --START--
INFO: Run Behavior\ReadHtmlCacheBehavior [ RunTime:0.000597s ]
INFO: [ app_begin ] --END-- [ RunTime:0.000662s ]
NOTIC: [8192] mysql_connect(): The mysql extension is deprecated and will be removed in the future: use mysqli or PDO instead /Users/gongrui/Documents/www/exam/ThinkPHP/Library/Think/Db/Driver/Mysql.class.php 第 52 行.
SQL: SHOW COLUMNS FROM `hd_user` [ RunTime:0.007723s ]
SQL: SELECT COUNT(*) AS tp_count FROM `hd_user` LIMIT 1   [ RunTime:0.000301s ]
SQL: SHOW COLUMNS FROM `hd_userinfo` [ RunTime:0.000872s ]
SQL: SELECT user.id AS id,user.`lock` AS `lock`,user.registime AS registime,userinfo.username AS username,userinfo.face180 AS face,userinfo.sex AS sex,userinfo.location AS location,userinfo.intro AS intro FROM hd_user user LEFT JOIN hd_userinfo userinfo ON user.id = userinfo.uid LIMIT 0,4   [ RunTime:0.000669s ]
INFO: [ view_parse ] --START--
INFO: [ template_filter ] --START--
INFO: Run Behavior\ContentReplaceBehavior [ RunTime:0.000023s ]
INFO: [ template_filter ] --END-- [ RunTime:0.000067s ]
INFO: Run Behavior\ParseTemplateBehavior [ RunTime:0.014350s ]
INFO: [ view_parse ] --END-- [ RunTime:0.014439s ]
INFO: [ view_filter ] --START--
INFO: Run Behavior\WriteHtmlCacheBehavior [ RunTime:0.000322s ]
INFO: [ view_filter ] --END-- [ RunTime:0.000365s ]
INFO: [ app_end ] --START--
INFO: Run Behavior\ShowPageTraceBehavior [ RunTime:0.001365s ]
INFO: [ app_end ] --END-- [ RunTime:0.001460s ]

[ 2016-05-22T15:32:18+08:00 ] 127.0.0.1 /exam/admin.php/User/admin.html
INFO: [ app_init ] --START--
INFO: Run Behavior\BuildLiteBehavior [ RunTime:0.000010s ]
INFO: [ app_init ] --END-- [ RunTime:0.000532s ]
INFO: [ app_begin ] --START--
INFO: Run Behavior\ReadHtmlCacheBehavior [ RunTime:0.000583s ]
INFO: [ app_begin ] --END-- [ RunTime:0.000645s ]
NOTIC: [8192] mysql_connect(): The mysql extension is deprecated and will be removed in the future: use mysqli or PDO instead /Users/gongrui/Documents/www/exam/ThinkPHP/Library/Think/Db/Driver/Mysql.class.php 第 52 行.
SQL: SHOW COLUMNS FROM `hd_admin` [ RunTime:0.001366s ]
SQL: SELECT * FROM `hd_admin`  [ RunTime:0.000292s ]
INFO: [ view_parse ] --START--
INFO: [ template_filter ] --START--
INFO: Run Behavior\ContentReplaceBehavior [ RunTime:0.000024s ]
INFO: [ template_filter ] --END-- [ RunTime:0.000071s ]
INFO: Run Behavior\ParseTemplateBehavior [ RunTime:0.032786s ]
INFO: [ view_parse ] --END-- [ RunTime:0.032875s ]
INFO: [ view_filter ] --START--
INFO: Run Behavior\WriteHtmlCacheBehavior [ RunTime:0.000315s ]
INFO: [ view_filter ] --END-- [ RunTime:0.000362s ]
INFO: [ app_end ] --START--
INFO: Run Behavior\ShowPageTraceBehavior [ RunTime:0.001259s ]
INFO: [ app_end ] --END-- [ RunTime:0.001313s ]

[ 2016-05-22T15:35:12+08:00 ] 127.0.0.1 /exam/admin.php/Index/loginOut.html
INFO: [ app_init ] --START--
INFO: Run Behavior\BuildLiteBehavior [ RunTime:0.000009s ]
INFO: [ app_init ] --END-- [ RunTime:0.000295s ]
INFO: [ app_begin ] --START--
INFO: Run Behavior\ReadHtmlCacheBehavior [ RunTime:0.000435s ]
INFO: [ app_begin ] --END-- [ RunTime:0.000502s ]

[ 2016-05-22T15:35:12+08:00 ] 127.0.0.1 /exam/admin.php/Login/index.html
INFO: [ app_init ] --START--
INFO: Run Behavior\BuildLiteBehavior [ RunTime:0.000008s ]
INFO: [ app_init ] --END-- [ RunTime:0.000196s ]
INFO: [ app_begin ] --START--
INFO: Run Behavior\ReadHtmlCacheBehavior [ RunTime:0.000220s ]
INFO: [ app_begin ] --END-- [ RunTime:0.000246s ]
INFO: [ view_parse ] --START--
INFO: [ template_filter ] --START--
INFO: Run Behavior\ContentReplaceBehavior [ RunTime:0.000024s ]
INFO: [ template_filter ] --END-- [ RunTime:0.000079s ]
NOTIC: [8] Use of undefined constant login - assumed 'login' /Users/gongrui/Documents/www/exam/Index/Runtime/Cache/Admin/3ffd5d759f173cd3d4e9b9aea6e493d2.php 第 12 行.
INFO: Run Behavior\ParseTemplateBehavior [ RunTime:0.006693s ]
INFO: [ view_parse ] --END-- [ RunTime:0.006740s ]
INFO: [ view_filter ] --START--
INFO: Run Behavior\WriteHtmlCacheBehavior [ RunTime:0.000105s ]
INFO: [ view_filter ] --END-- [ RunTime:0.000125s ]
INFO: [ app_end ] --START--
INFO: Run Behavior\ShowPageTraceBehavior [ RunTime:0.001036s ]
INFO: [ app_end ] --END-- [ RunTime:0.001079s ]

[ 2016-05-22T15:35:36+08:00 ] 127.0.0.1 /exam/admin.php/Login/login.html
INFO: [ app_init ] --START--
INFO: Run Behavior\BuildLiteBehavior [ RunTime:0.000011s ]
INFO: [ app_init ] --END-- [ RunTime:0.000418s ]
INFO: [ app_begin ] --START--
INFO: Run Behavior\ReadHtmlCacheBehavior [ RunTime:0.000444s ]
INFO: [ app_begin ] --END-- [ RunTime:0.000489s ]
NOTIC: [8192] mysql_connect(): The mysql extension is deprecated and will be removed in the future: use mysqli or PDO instead /Users/gongrui/Documents/www/exam/ThinkPHP/Library/Think/Db/Driver/Mysql.class.php 第 52 行.
SQL: SHOW COLUMNS FROM `hd_admin` [ RunTime:0.000423s ]
SQL: SELECT * FROM `hd_admin` WHERE `username` = 'xiaorui' LIMIT 1   [ RunTime:0.000833s ]
NOTIC: [8] Use of undefined constant user - assumed 'user' /Users/gongrui/Documents/www/exam/Index/Admin/Controller/LoginController.class.php 第 25 行.
SQL: UPDATE `hd_admin` SET `logintime`=1463902536,`loginip`='127.0.0.1' WHERE `id` = 3 [ RunTime:0.002903s ]
INFO: [ view_parse ] --START--
INFO: [ template_filter ] --START--
INFO: Run Behavior\ContentReplaceBehavior [ RunTime:0.000040s ]
INFO: [ template_filter ] --END-- [ RunTime:0.000099s ]
INFO: Run Behavior\ParseTemplateBehavior [ RunTime:0.029413s ]
INFO: [ view_parse ] --END-- [ RunTime:0.029460s ]
INFO: [ view_filter ] --START--
INFO: Run Behavior\WriteHtmlCacheBehavior [ RunTime:0.000370s ]
INFO: [ view_filter ] --END-- [ RunTime:0.000421s ]
INFO: [ app_end ] --START--
INFO: Run Behavior\ShowPageTraceBehavior [ RunTime:0.000651s ]
INFO: [ app_end ] --END-- [ RunTime:0.000688s ]

[ 2016-05-22T15:35:37+08:00 ] 127.0.0.1 /exam/admin.php
INFO: [ app_init ] --START--
INFO: Run Behavior\BuildLiteBehavior [ RunTime:0.000016s ]
INFO: [ app_init ] --END-- [ RunTime:0.000313s ]
INFO: [ app_begin ] --START--
INFO: Run Behavior\ReadHtmlCacheBehavior [ RunTime:0.000483s ]
INFO: [ app_begin ] --END-- [ RunTime:0.000557s ]
INFO: [ view_parse ] --START--
INFO: [ template_filter ] --START--
INFO: Run Behavior\ContentReplaceBehavior [ RunTime:0.000023s ]
INFO: [ template_filter ] --END-- [ RunTime:0.000058s ]
INFO: Run Behavior\ParseTemplateBehavior [ RunTime:0.004741s ]
INFO: [ view_parse ] --END-- [ RunTime:0.004785s ]
INFO: [ view_filter ] --START--
INFO: Run Behavior\WriteHtmlCacheBehavior [ RunTime:0.000083s ]
INFO: [ view_filter ] --END-- [ RunTime:0.000104s ]
INFO: [ app_end ] --START--
INFO: Run Behavior\ShowPageTraceBehavior [ RunTime:0.000251s ]
INFO: [ app_end ] --END-- [ RunTime:0.000274s ]

[ 2016-05-22T15:35:37+08:00 ] 127.0.0.1 /exam/admin.php/Index/copy.html
INFO: [ app_init ] --START--
INFO: Run Behavior\BuildLiteBehavior [ RunTime:0.000009s ]
INFO: [ app_init ] --END-- [ RunTime:0.000189s ]
INFO: [ app_begin ] --START--
INFO: Run Behavior\ReadHtmlCacheBehavior [ RunTime:0.000234s ]
INFO: [ app_begin ] --END-- [ RunTime:0.000265s ]
NOTIC: [8192] mysql_connect(): The mysql extension is deprecated and will be removed in the future: use mysqli or PDO instead /Users/gongrui/Documents/www/exam/ThinkPHP/Library/Think/Db/Driver/Mysql.class.php 第 52 行.
SQL: SHOW COLUMNS FROM `hd_user` [ RunTime:0.000507s ]
SQL: SELECT COUNT(*) AS tp_count FROM `hd_user` LIMIT 1   [ RunTime:0.000230s ]
SQL: SELECT COUNT(*) AS tp_count FROM `hd_user` WHERE `lock` = 1 LIMIT 1   [ RunTime:0.000278s ]
SQL: SHOW COLUMNS FROM `hd_paperinfo` [ RunTime:0.001636s ]
SQL: SELECT COUNT(*) AS tp_count FROM `hd_paperinfo` LIMIT 1   [ RunTime:0.000337s ]
SQL: SHOW COLUMNS FROM `hd_score` [ RunTime:0.001178s ]
SQL: SELECT DISTINCT  `username` FROM `hd_score`  [ RunTime:0.001015s ]
SQL: SHOW COLUMNS FROM `hd_notice` [ RunTime:0.000703s ]
SQL: SELECT COUNT(*) AS tp_count FROM `hd_notice` LIMIT 1   [ RunTime:0.000290s ]
INFO: [ view_parse ] --START--
INFO: [ template_filter ] --START--
INFO: Run Behavior\ContentReplaceBehavior [ RunTime:0.000032s ]
INFO: [ template_filter ] --END-- [ RunTime:0.000093s ]
INFO: Run Behavior\ParseTemplateBehavior [ RunTime:0.010743s ]
INFO: [ view_parse ] --END-- [ RunTime:0.010797s ]
INFO: [ view_filter ] --START--
INFO: Run Behavior\WriteHtmlCacheBehavior [ RunTime:0.000169s ]
INFO: [ view_filter ] --END-- [ RunTime:0.000220s ]
INFO: [ app_end ] --START--
INFO: Run Behavior\ShowPageTraceBehavior [ RunTime:0.000423s ]
INFO: [ app_end ] --END-- [ RunTime:0.000483s ]

[ 2016-05-22T15:35:41+08:00 ] 127.0.0.1 /exam/admin.php/User/admin.html
INFO: [ app_init ] --START--
INFO: Run Behavior\BuildLiteBehavior [ RunTime:0.000008s ]
INFO: [ app_init ] --END-- [ RunTime:0.000188s ]
INFO: [ app_begin ] --START--
INFO: Run Behavior\ReadHtmlCacheBehavior [ RunTime:0.000247s ]
INFO: [ app_begin ] --END-- [ RunTime:0.000277s ]
NOTIC: [8192] mysql_connect(): The mysql extension is deprecated and will be removed in the future: use mysqli or PDO instead /Users/gongrui/Documents/www/exam/ThinkPHP/Library/Think/Db/Driver/Mysql.class.php 第 52 行.
SQL: SHOW COLUMNS FROM `hd_admin` [ RunTime:0.005176s ]
SQL: SELECT * FROM `hd_admin`  [ RunTime:0.000461s ]
INFO: [ view_parse ] --START--
INFO: [ template_filter ] --START--
INFO: Run Behavior\ContentReplaceBehavior [ RunTime:0.000023s ]
INFO: [ template_filter ] --END-- [ RunTime:0.000060s ]
INFO: Run Behavior\ParseTemplateBehavior [ RunTime:0.026601s ]
INFO: [ view_parse ] --END-- [ RunTime:0.026683s ]
INFO: [ view_filter ] --START--
INFO: Run Behavior\WriteHtmlCacheBehavior [ RunTime:0.000154s ]
INFO: [ view_filter ] --END-- [ RunTime:0.000194s ]
INFO: [ app_end ] --START--
INFO: Run Behavior\ShowPageTraceBehavior [ RunTime:0.001352s ]
INFO: [ app_end ] --END-- [ RunTime:0.001437s ]

[ 2016-05-22T15:39:15+08:00 ] 127.0.0.1 /exam/admin.php/Test/index.html
INFO: [ app_init ] --START--
INFO: Run Behavior\BuildLiteBehavior [ RunTime:0.000009s ]
INFO: [ app_init ] --END-- [ RunTime:0.000272s ]
INFO: [ app_begin ] --START--
INFO: Run Behavior\ReadHtmlCacheBehavior [ RunTime:0.000380s ]
INFO: [ app_begin ] --END-- [ RunTime:0.000439s ]
NOTIC: [8192] mysql_connect(): The mysql extension is deprecated and will be removed in the future: use mysqli or PDO instead /Users/gongrui/Documents/www/exam/ThinkPHP/Library/Think/Db/Driver/Mysql.class.php 第 52 行.
SQL: SHOW COLUMNS FROM `hd_paperinfo` [ RunTime:0.000686s ]
SQL: SELECT `type` FROM `hd_paperinfo`  [ RunTime:0.005714s ]
NOTIC: [8] Undefined index: testType /Users/gongrui/Documents/www/exam/Index/Admin/Controller/TestController.class.php 第 20 行.
NOTIC: [8] Undefined index: testType /Users/gongrui/Documents/www/exam/Index/Admin/Controller/TestController.class.php 第 21 行.
NOTIC: [8] Undefined index: testType /Users/gongrui/Documents/www/exam/Index/Admin/Controller/TestController.class.php 第 22 行.
SQL: SHOW COLUMNS FROM `hd_paper` [ RunTime:0.005130s ]
SQL: SELECT COUNT(*) AS tp_count FROM `hd_paper` WHERE `type` = null LIMIT 1   [ RunTime:0.005311s ]
SQL: SELECT * FROM `hd_paper` WHERE `type` = null LIMIT 0,10   [ RunTime:0.000671s ]
INFO: [ view_parse ] --START--
INFO: [ template_filter ] --START--
INFO: Run Behavior\ContentReplaceBehavior [ RunTime:0.000038s ]
INFO: [ template_filter ] --END-- [ RunTime:0.000084s ]
INFO: Run Behavior\ParseTemplateBehavior [ RunTime:0.017815s ]
INFO: [ view_parse ] --END-- [ RunTime:0.017905s ]
INFO: [ view_filter ] --START--
INFO: Run Behavior\WriteHtmlCacheBehavior [ RunTime:0.000110s ]
INFO: [ view_filter ] --END-- [ RunTime:0.000131s ]
INFO: [ app_end ] --START--
INFO: Run Behavior\ShowPageTraceBehavior [ RunTime:0.000304s ]
INFO: [ app_end ] --END-- [ RunTime:0.000335s ]

[ 2016-05-22T15:39:16+08:00 ] 127.0.0.1 /exam/admin.php/Test/addItem.html
INFO: [ app_init ] --START--
INFO: Run Behavior\BuildLiteBehavior [ RunTime:0.000007s ]
INFO: [ app_init ] --END-- [ RunTime:0.000166s ]
INFO: [ app_begin ] --START--
INFO: Run Behavior\ReadHtmlCacheBehavior [ RunTime:0.000211s ]
INFO: [ app_begin ] --END-- [ RunTime:0.000237s ]
NOTIC: [8192] mysql_connect(): The mysql extension is deprecated and will be removed in the future: use mysqli or PDO instead /Users/gongrui/Documents/www/exam/ThinkPHP/Library/Think/Db/Driver/Mysql.class.php 第 52 行.
SQL: SHOW COLUMNS FROM `hd_paperinfo` [ RunTime:0.001951s ]
SQL: SELECT `type` FROM `hd_paperinfo`  [ RunTime:0.000303s ]
INFO: [ view_parse ] --START--
INFO: [ template_filter ] --START--
INFO: Run Behavior\ContentReplaceBehavior [ RunTime:0.000043s ]
INFO: [ template_filter ] --END-- [ RunTime:0.000111s ]
NOTIC: [8] Undefined index: id /Users/gongrui/Documents/www/exam/Index/Runtime/Cache/Admin/d5935a31088e8535eedc3e7392873d13.php 第 61 行.
NOTIC: [8] Undefined index: id /Users/gongrui/Documents/www/exam/Index/Runtime/Cache/Admin/d5935a31088e8535eedc3e7392873d13.php 第 61 行.
NOTIC: [8] Undefined index: id /Users/gongrui/Documents/www/exam/Index/Runtime/Cache/Admin/d5935a31088e8535eedc3e7392873d13.php 第 61 行.
NOTIC: [8] Undefined index: id /Users/gongrui/Documents/www/exam/Index/Runtime/Cache/Admin/d5935a31088e8535eedc3e7392873d13.php 第 61 行.
NOTIC: [8] Undefined index: id /Users/gongrui/Documents/www/exam/Index/Runtime/Cache/Admin/d5935a31088e8535eedc3e7392873d13.php 第 61 行.
NOTIC: [8] Undefined index: id /Users/gongrui/Documents/www/exam/Index/Runtime/Cache/Admin/d5935a31088e8535eedc3e7392873d13.php 第 61 行.
NOTIC: [8] Undefined index: id /Users/gongrui/Documents/www/exam/Index/Runtime/Cache/Admin/d5935a31088e8535eedc3e7392873d13.php 第 61 行.
INFO: Run Behavior\ParseTemplateBehavior [ RunTime:0.024681s ]
INFO: [ view_parse ] --END-- [ RunTime:0.024732s ]
INFO: [ view_filter ] --START--
INFO: Run Behavior\WriteHtmlCacheBehavior [ RunTime:0.000308s ]
INFO: [ view_filter ] --END-- [ RunTime:0.000349s ]
INFO: [ app_end ] --START--
INFO: Run Behavior\ShowPageTraceBehavior [ RunTime:0.000717s ]
INFO: [ app_end ] --END-- [ RunTime:0.000775s ]

[ 2016-05-22T15:41:43+08:00 ] 127.0.0.1 /exam/admin.php/Notice/index.html
INFO: [ app_init ] --START--
INFO: Run Behavior\BuildLiteBehavior [ RunTime:0.000010s ]
INFO: [ app_init ] --END-- [ RunTime:0.000410s ]
INFO: [ app_begin ] --START--
INFO: Run Behavior\ReadHtmlCacheBehavior [ RunTime:0.000514s ]
INFO: [ app_begin ] --END-- [ RunTime:0.000556s ]
NOTIC: [8192] mysql_connect(): The mysql extension is deprecated and will be removed in the future: use mysqli or PDO instead /Users/gongrui/Documents/www/exam/ThinkPHP/Library/Think/Db/Driver/Mysql.class.php 第 52 行.
SQL: SHOW COLUMNS FROM `hd_notice` [ RunTime:0.008282s ]
SQL: SELECT COUNT(*) AS tp_count FROM `hd_notice` LIMIT 1   [ RunTime:0.000496s ]
SQL: SELECT * FROM `hd_notice` LIMIT 0,4   [ RunTime:0.000671s ]
INFO: [ view_parse ] --START--
INFO: [ template_filter ] --START--
INFO: Run Behavior\ContentReplaceBehavior [ RunTime:0.000024s ]
INFO: [ template_filter ] --END-- [ RunTime:0.000060s ]
NOTIC: [8] A non well formed numeric value encountered /Users/gongrui/Documents/www/exam/Index/Runtime/Cache/Admin/5ae2eb743c5adb62bdea6ec0ba71f9fc.php 第 29 行.
NOTIC: [8] A non well formed numeric value encountered /Users/gongrui/Documents/www/exam/Index/Runtime/Cache/Admin/5ae2eb743c5adb62bdea6ec0ba71f9fc.php 第 29 行.
NOTIC: [8] A non well formed numeric value encountered /Users/gongrui/Documents/www/exam/Index/Runtime/Cache/Admin/5ae2eb743c5adb62bdea6ec0ba71f9fc.php 第 29 行.
NOTIC: [8] A non well formed numeric value encountered /Users/gongrui/Documents/www/exam/Index/Runtime/Cache/Admin/5ae2eb743c5adb62bdea6ec0ba71f9fc.php 第 29 行.
INFO: Run Behavior\ParseTemplateBehavior [ RunTime:0.031507s ]
INFO: [ view_parse ] --END-- [ RunTime:0.031574s ]
INFO: [ view_filter ] --START--
INFO: Run Behavior\WriteHtmlCacheBehavior [ RunTime:0.000228s ]
INFO: [ view_filter ] --END-- [ RunTime:0.000251s ]
INFO: [ app_end ] --START--
INFO: Run Behavior\ShowPageTraceBehavior [ RunTime:0.001289s ]
INFO: [ app_end ] --END-- [ RunTime:0.001357s ]

[ 2016-05-22T15:42:13+08:00 ] 127.0.0.1 /exam/admin.php
INFO: [ app_init ] --START--
INFO: Run Behavior\BuildLiteBehavior [ RunTime:0.000012s ]
INFO: [ app_init ] --END-- [ RunTime:0.000303s ]
INFO: [ app_begin ] --START--
INFO: Run Behavior\ReadHtmlCacheBehavior [ RunTime:0.000355s ]
INFO: [ app_begin ] --END-- [ RunTime:0.000409s ]
INFO: [ view_parse ] --START--
INFO: [ template_filter ] --START--
INFO: Run Behavior\ContentReplaceBehavior [ RunTime:0.000024s ]
INFO: [ template_filter ] --END-- [ RunTime:0.000079s ]
INFO: Run Behavior\ParseTemplateBehavior [ RunTime:0.047928s ]
INFO: [ view_parse ] --END-- [ RunTime:0.048008s ]
INFO: [ view_filter ] --START--
INFO: Run Behavior\WriteHtmlCacheBehavior [ RunTime:0.007845s ]
INFO: [ view_filter ] --END-- [ RunTime:0.007964s ]
INFO: [ app_end ] --START--
INFO: Run Behavior\ShowPageTraceBehavior [ RunTime:0.006110s ]
INFO: [ app_end ] --END-- [ RunTime:0.006197s ]

[ 2016-05-22T15:42:14+08:00 ] 127.0.0.1 /exam/admin.php/Index/copy.html
INFO: [ app_init ] --START--
INFO: Run Behavior\BuildLiteBehavior [ RunTime:0.000017s ]
INFO: [ app_init ] --END-- [ RunTime:0.001309s ]
INFO: [ app_begin ] --START--
INFO: Run Behavior\ReadHtmlCacheBehavior [ RunTime:0.003857s ]
INFO: [ app_begin ] --END-- [ RunTime:0.004705s ]
NOTIC: [8192] mysql_connect(): The mysql extension is deprecated and will be removed in the future: use mysqli or PDO instead /Users/gongrui/Documents/www/exam/ThinkPHP/Library/Think/Db/Driver/Mysql.class.php 第 52 行.
SQL: SHOW COLUMNS FROM `hd_user` [ RunTime:0.019065s ]
SQL: SELECT COUNT(*) AS tp_count FROM `hd_user` LIMIT 1   [ RunTime:0.018355s ]
SQL: SELECT COUNT(*) AS tp_count FROM `hd_user` WHERE `lock` = 1 LIMIT 1   [ RunTime:0.000529s ]
SQL: SHOW COLUMNS FROM `hd_paperinfo` [ RunTime:0.001853s ]
SQL: SELECT COUNT(*) AS tp_count FROM `hd_paperinfo` LIMIT 1   [ RunTime:0.000519s ]
SQL: SHOW COLUMNS FROM `hd_score` [ RunTime:0.011784s ]
SQL: SELECT DISTINCT  `username` FROM `hd_score`  [ RunTime:0.001692s ]
SQL: SHOW COLUMNS FROM `hd_notice` [ RunTime:0.000556s ]
SQL: SELECT COUNT(*) AS tp_count FROM `hd_notice` LIMIT 1   [ RunTime:0.000291s ]
INFO: [ view_parse ] --START--
INFO: [ template_filter ] --START--
INFO: Run Behavior\ContentReplaceBehavior [ RunTime:0.000042s ]
INFO: [ template_filter ] --END-- [ RunTime:0.000195s ]
INFO: Run Behavior\ParseTemplateBehavior [ RunTime:0.030930s ]
INFO: [ view_parse ] --END-- [ RunTime:0.031031s ]
INFO: [ view_filter ] --START--
INFO: Run Behavior\WriteHtmlCacheBehavior [ RunTime:0.000127s ]
INFO: [ view_filter ] --END-- [ RunTime:0.000151s ]
INFO: [ app_end ] --START--
INFO: Run Behavior\ShowPageTraceBehavior [ RunTime:0.000531s ]
INFO: [ app_end ] --END-- [ RunTime:0.000590s ]

[ 2016-05-22T15:42:17+08:00 ] 127.0.0.1 /exam/admin.php/Notice/index.html
INFO: [ app_init ] --START--
INFO: Run Behavior\BuildLiteBehavior [ RunTime:0.000012s ]
INFO: [ app_init ] --END-- [ RunTime:0.000295s ]
INFO: [ app_begin ] --START--
INFO: Run Behavior\ReadHtmlCacheBehavior [ RunTime:0.000294s ]
INFO: [ app_begin ] --END-- [ RunTime:0.000336s ]
NOTIC: [8192] mysql_connect(): The mysql extension is deprecated and will be removed in the future: use mysqli or PDO instead /Users/gongrui/Documents/www/exam/ThinkPHP/Library/Think/Db/Driver/Mysql.class.php 第 52 行.
SQL: SHOW COLUMNS FROM `hd_notice` [ RunTime:0.001184s ]
SQL: SELECT COUNT(*) AS tp_count FROM `hd_notice` LIMIT 1   [ RunTime:0.000979s ]
SQL: SELECT * FROM `hd_notice` LIMIT 0,4   [ RunTime:0.000610s ]
INFO: [ view_parse ] --START--
INFO: [ template_filter ] --START--
INFO: Run Behavior\ContentReplaceBehavior [ RunTime:0.000023s ]
INFO: [ template_filter ] --END-- [ RunTime:0.000061s ]
NOTIC: [8] A non well formed numeric value encountered /Users/gongrui/Documents/www/exam/Index/Runtime/Cache/Admin/5ae2eb743c5adb62bdea6ec0ba71f9fc.php 第 29 行.
NOTIC: [8] A non well formed numeric value encountered /Users/gongrui/Documents/www/exam/Index/Runtime/Cache/Admin/5ae2eb743c5adb62bdea6ec0ba71f9fc.php 第 29 行.
NOTIC: [8] A non well formed numeric value encountered /Users/gongrui/Documents/www/exam/Index/Runtime/Cache/Admin/5ae2eb743c5adb62bdea6ec0ba71f9fc.php 第 29 行.
NOTIC: [8] A non well formed numeric value encountered /Users/gongrui/Documents/www/exam/Index/Runtime/Cache/Admin/5ae2eb743c5adb62bdea6ec0ba71f9fc.php 第 29 行.
INFO: Run Behavior\ParseTemplateBehavior [ RunTime:0.016402s ]
INFO: [ view_parse ] --END-- [ RunTime:0.016435s ]
INFO: [ view_filter ] --START--
INFO: Run Behavior\WriteHtmlCacheBehavior [ RunTime:0.000098s ]
INFO: [ view_filter ] --END-- [ RunTime:0.000121s ]
INFO: [ app_end ] --START--
INFO: Run Behavior\ShowPageTraceBehavior [ RunTime:0.000415s ]
INFO: [ app_end ] --END-- [ RunTime:0.000528s ]

[ 2016-05-22T15:42:43+08:00 ] 127.0.0.1 /exam/admin.php/Notice/index/p/2.html
INFO: [ app_init ] --START--
INFO: Run Behavior\BuildLiteBehavior [ RunTime:0.000009s ]
INFO: [ app_init ] --END-- [ RunTime:0.000287s ]
INFO: [ app_begin ] --START--
INFO: Run Behavior\ReadHtmlCacheBehavior [ RunTime:0.000358s ]
INFO: [ app_begin ] --END-- [ RunTime:0.000425s ]
NOTIC: [8192] mysql_connect(): The mysql extension is deprecated and will be removed in the future: use mysqli or PDO instead /Users/gongrui/Documents/www/exam/ThinkPHP/Library/Think/Db/Driver/Mysql.class.php 第 52 行.
SQL: SHOW COLUMNS FROM `hd_notice` [ RunTime:0.000538s ]
SQL: SELECT COUNT(*) AS tp_count FROM `hd_notice` LIMIT 1   [ RunTime:0.000243s ]
SQL: SELECT * FROM `hd_notice` LIMIT 4,4   [ RunTime:0.000265s ]
INFO: [ view_parse ] --START--
INFO: [ template_filter ] --START--
INFO: Run Behavior\ContentReplaceBehavior [ RunTime:0.000051s ]
INFO: [ template_filter ] --END-- [ RunTime:0.000145s ]
NOTIC: [8] A non well formed numeric value encountered /Users/gongrui/Documents/www/exam/Index/Runtime/Cache/Admin/5ae2eb743c5adb62bdea6ec0ba71f9fc.php 第 29 行.
NOTIC: [8] A non well formed numeric value encountered /Users/gongrui/Documents/www/exam/Index/Runtime/Cache/Admin/5ae2eb743c5adb62bdea6ec0ba71f9fc.php 第 29 行.
INFO: Run Behavior\ParseTemplateBehavior [ RunTime:0.019208s ]
INFO: [ view_parse ] --END-- [ RunTime:0.019281s ]
INFO: [ view_filter ] --START--
INFO: Run Behavior\WriteHtmlCacheBehavior [ RunTime:0.000190s ]
INFO: [ view_filter ] --END-- [ RunTime:0.000229s ]
INFO: [ app_end ] --START--
INFO: Run Behavior\ShowPageTraceBehavior [ RunTime:0.000702s ]
INFO: [ app_end ] --END-- [ RunTime:0.000765s ]

[ 2016-05-22T15:42:47+08:00 ] 127.0.0.1 /exam/admin.php/Test/addItem.html
INFO: [ app_init ] --START--
INFO: Run Behavior\BuildLiteBehavior [ RunTime:0.000039s ]
INFO: [ app_init ] --END-- [ RunTime:0.000423s ]
INFO: [ app_begin ] --START--
INFO: Run Behavior\ReadHtmlCacheBehavior [ RunTime:0.000485s ]
INFO: [ app_begin ] --END-- [ RunTime:0.000546s ]
NOTIC: [8192] mysql_connect(): The mysql extension is deprecated and will be removed in the future: use mysqli or PDO instead /Users/gongrui/Documents/www/exam/ThinkPHP/Library/Think/Db/Driver/Mysql.class.php 第 52 行.
SQL: SHOW COLUMNS FROM `hd_paperinfo` [ RunTime:0.000701s ]
SQL: SELECT `type` FROM `hd_paperinfo`  [ RunTime:0.005552s ]
INFO: [ view_parse ] --START--
INFO: [ template_filter ] --START--
INFO: Run Behavior\ContentReplaceBehavior [ RunTime:0.000026s ]
INFO: [ template_filter ] --END-- [ RunTime:0.000062s ]
NOTIC: [8] Undefined index: id /Users/gongrui/Documents/www/exam/Index/Runtime/Cache/Admin/d5935a31088e8535eedc3e7392873d13.php 第 61 行.
NOTIC: [8] Undefined index: id /Users/gongrui/Documents/www/exam/Index/Runtime/Cache/Admin/d5935a31088e8535eedc3e7392873d13.php 第 61 行.
NOTIC: [8] Undefined index: id /Users/gongrui/Documents/www/exam/Index/Runtime/Cache/Admin/d5935a31088e8535eedc3e7392873d13.php 第 61 行.
NOTIC: [8] Undefined index: id /Users/gongrui/Documents/www/exam/Index/Runtime/Cache/Admin/d5935a31088e8535eedc3e7392873d13.php 第 61 行.
NOTIC: [8] Undefined index: id /Users/gongrui/Documents/www/exam/Index/Runtime/Cache/Admin/d5935a31088e8535eedc3e7392873d13.php 第 61 行.
NOTIC: [8] Undefined index: id /Users/gongrui/Documents/www/exam/Index/Runtime/Cache/Admin/d5935a31088e8535eedc3e7392873d13.php 第 61 行.
NOTIC: [8] Undefined index: id /Users/gongrui/Documents/www/exam/Index/Runtime/Cache/Admin/d5935a31088e8535eedc3e7392873d13.php 第 61 行.
INFO: Run Behavior\ParseTemplateBehavior [ RunTime:0.017381s ]
INFO: [ view_parse ] --END-- [ RunTime:0.017466s ]
INFO: [ view_filter ] --START--
INFO: Run Behavior\WriteHtmlCacheBehavior [ RunTime:0.000145s ]
INFO: [ view_filter ] --END-- [ RunTime:0.000183s ]
INFO: [ app_end ] --START--
INFO: Run Behavior\ShowPageTraceBehavior [ RunTime:0.000442s ]
INFO: [ app_end ] --END-- [ RunTime:0.000485s ]

[ 2016-05-22T15:42:49+08:00 ] 127.0.0.1 /exam/admin.php/Notice/addNotice.html
INFO: [ app_init ] --START--
INFO: Run Behavior\BuildLiteBehavior [ RunTime:0.000011s ]
INFO: [ app_init ] --END-- [ RunTime:0.000279s ]
INFO: [ app_begin ] --START--
INFO: Run Behavior\ReadHtmlCacheBehavior [ RunTime:0.000484s ]
INFO: [ app_begin ] --END-- [ RunTime:0.000529s ]
INFO: [ view_parse ] --START--
INFO: [ template_filter ] --START--
INFO: Run Behavior\ContentReplaceBehavior [ RunTime:0.000036s ]
INFO: [ template_filter ] --END-- [ RunTime:0.000098s ]
INFO: Run Behavior\ParseTemplateBehavior [ RunTime:0.016059s ]
INFO: [ view_parse ] --END-- [ RunTime:0.016121s ]
INFO: [ view_filter ] --START--
INFO: Run Behavior\WriteHtmlCacheBehavior [ RunTime:0.000161s ]
INFO: [ view_filter ] --END-- [ RunTime:0.000275s ]
INFO: [ app_end ] --START--
INFO: Run Behavior\ShowPageTraceBehavior [ RunTime:0.000587s ]
INFO: [ app_end ] --END-- [ RunTime:0.000633s ]

[ 2016-05-22T15:43:20+08:00 ] 127.0.0.1 /exam/admin.php/System/index.html
INFO: [ app_init ] --START--
INFO: Run Behavior\BuildLiteBehavior [ RunTime:0.000008s ]
INFO: [ app_init ] --END-- [ RunTime:0.000180s ]
INFO: [ app_begin ] --START--
INFO: Run Behavior\ReadHtmlCacheBehavior [ RunTime:0.000300s ]
INFO: [ app_begin ] --END-- [ RunTime:0.000333s ]
INFO: [ view_parse ] --START--
INFO: [ template_filter ] --START--
INFO: Run Behavior\ContentReplaceBehavior [ RunTime:0.000024s ]
INFO: [ template_filter ] --END-- [ RunTime:0.000067s ]
INFO: Run Behavior\ParseTemplateBehavior [ RunTime:0.006172s ]
INFO: [ view_parse ] --END-- [ RunTime:0.006230s ]
INFO: [ view_filter ] --START--
INFO: Run Behavior\WriteHtmlCacheBehavior [ RunTime:0.000128s ]
INFO: [ view_filter ] --END-- [ RunTime:0.000151s ]
INFO: [ app_end ] --START--
INFO: Run Behavior\ShowPageTraceBehavior [ RunTime:0.000288s ]
INFO: [ app_end ] --END-- [ RunTime:0.000316s ]

[ 2016-05-22T15:43:36+08:00 ] 127.0.0.1 /exam/admin.php/User/editPwd.html
INFO: [ app_init ] --START--
INFO: Run Behavior\BuildLiteBehavior [ RunTime:0.000009s ]
INFO: [ app_init ] --END-- [ RunTime:0.000205s ]
INFO: [ app_begin ] --START--
INFO: Run Behavior\ReadHtmlCacheBehavior [ RunTime:0.000235s ]
INFO: [ app_begin ] --END-- [ RunTime:0.000261s ]
INFO: [ view_parse ] --START--
INFO: [ template_filter ] --START--
INFO: Run Behavior\ContentReplaceBehavior [ RunTime:0.000021s ]
INFO: [ template_filter ] --END-- [ RunTime:0.000057s ]
INFO: Run Behavior\ParseTemplateBehavior [ RunTime:0.008257s ]
INFO: [ view_parse ] --END-- [ RunTime:0.008818s ]
INFO: [ view_filter ] --START--
INFO: Run Behavior\WriteHtmlCacheBehavior [ RunTime:0.000100s ]
INFO: [ view_filter ] --END-- [ RunTime:0.000121s ]
INFO: [ app_end ] --START--
INFO: Run Behavior\ShowPageTraceBehavior [ RunTime:0.000302s ]
INFO: [ app_end ] --END-- [ RunTime:0.000334s ]

[ 2016-05-22T15:56:03+08:00 ] 127.0.0.1 /exam/admin.php/Test/index.html
INFO: [ app_init ] --START--
INFO: Run Behavior\BuildLiteBehavior [ RunTime:0.000008s ]
INFO: [ app_init ] --END-- [ RunTime:0.000180s ]
INFO: [ app_begin ] --START--
INFO: Run Behavior\ReadHtmlCacheBehavior [ RunTime:0.000226s ]
INFO: [ app_begin ] --END-- [ RunTime:0.000254s ]
NOTIC: [8192] mysql_connect(): The mysql extension is deprecated and will be removed in the future: use mysqli or PDO instead /Users/gongrui/Documents/www/exam/ThinkPHP/Library/Think/Db/Driver/Mysql.class.php 第 52 行.
SQL: SHOW COLUMNS FROM `hd_paperinfo` [ RunTime:0.002760s ]
SQL: SELECT `type` FROM `hd_paperinfo`  [ RunTime:0.000914s ]
NOTIC: [8] Undefined index: testType /Users/gongrui/Documents/www/exam/Index/Admin/Controller/TestController.class.php 第 20 行.
NOTIC: [8] Undefined index: testType /Users/gongrui/Documents/www/exam/Index/Admin/Controller/TestController.class.php 第 21 行.
NOTIC: [8] Undefined index: testType /Users/gongrui/Documents/www/exam/Index/Admin/Controller/TestController.class.php 第 22 行.
SQL: SHOW COLUMNS FROM `hd_paper` [ RunTime:0.002680s ]
SQL: SELECT COUNT(*) AS tp_count FROM `hd_paper` WHERE `type` = null LIMIT 1   [ RunTime:0.002120s ]
SQL: SELECT * FROM `hd_paper` WHERE `type` = null LIMIT 0,10   [ RunTime:0.000679s ]
INFO: [ view_parse ] --START--
INFO: [ template_filter ] --START--
INFO: Run Behavior\ContentReplaceBehavior [ RunTime:0.000028s ]
INFO: [ template_filter ] --END-- [ RunTime:0.000068s ]
INFO: Run Behavior\ParseTemplateBehavior [ RunTime:0.023884s ]
INFO: [ view_parse ] --END-- [ RunTime:0.029288s ]
INFO: [ view_filter ] --START--
INFO: Run Behavior\WriteHtmlCacheBehavior [ RunTime:0.000196s ]
INFO: [ view_filter ] --END-- [ RunTime:0.000242s ]
INFO: [ app_end ] --START--
INFO: Run Behavior\ShowPageTraceBehavior [ RunTime:0.001133s ]
INFO: [ app_end ] --END-- [ RunTime:0.001190s ]

